2013-10-02 11:59:31 Error: [MissingControllerException] Controller class Favicon.icoController could not be found.
#0 /home/hbku/www/app/webroot/index.php(92): Dispatcher->dispatch(Object(CakeRequest), Object(CakeResponse))
#1 {main}
2013-10-03 09:27:03 Error: [MissingControllerException] Controller class ImgController could not be found.
#0 /home/hbku/www/app/webroot/index.php(92): Dispatcher->dispatch(Object(CakeRequest), Object(CakeResponse))
#1 {main}
2013-10-03 09:27:04 Error: [MissingControllerException] Controller class ImgController could not be found.
#0 /home/hbku/www/app/webroot/index.php(92): Dispatcher->dispatch(Object(CakeRequest), Object(CakeResponse))
#1 {main}
2013-10-03 09:27:16 Logins/102013/logs: Login successfull using username: 'admin' from IP: 192.168.0.23
2013-10-07 09:04:59 Error: [MissingControllerException] Controller class Favicon.icoController could not be found.
#0 /home/hbku/www/app/webroot/index.php(92): Dispatcher->dispatch(Object(CakeRequest), Object(CakeResponse))
#1 {main}
2013-10-07 09:04:59 Error: [MissingControllerException] Controller class Favicon.icoController could not be found.
#0 /home/hbku/www/app/webroot/index.php(92): Dispatcher->dispatch(Object(CakeRequest), Object(CakeResponse))
#1 {main}
2013-10-07 16:07:20 Error: [MissingControllerException] Controller class ImgController could not be found.
#0 /home/hbku/www/app/webroot/index.php(92): Dispatcher->dispatch(Object(CakeRequest), Object(CakeResponse))
#1 {main}
2013-10-07 16:07:20 Error: [MissingControllerException] Controller class ImgController could not be found.
#0 /home/hbku/www/app/webroot/index.php(92): Dispatcher->dispatch(Object(CakeRequest), Object(CakeResponse))
#1 {main}
2013-10-07 16:07:23 Logins/102013/logs: Login successfull using username: 'admin' from IP: 192.168.0.88
2013-10-07 16:07:26 Error: [MissingControllerException] Controller class Favicon.icoController could not be found.
#0 /home/hbku/www/app/webroot/index.php(92): Dispatcher->dispatch(Object(CakeRequest), Object(CakeResponse))
#1 {main}
2013-10-17 14:57:15 Error: [MissingControllerException] Controller class ImgController could not be found.
#0 /home/hbku/www/app/webroot/index.php(92): Dispatcher->dispatch(Object(CakeRequest), Object(CakeResponse))
#1 {main}
2013-10-17 14:57:16 Error: [MissingControllerException] Controller class ImgController could not be found.
#0 /home/hbku/www/app/webroot/index.php(92): Dispatcher->dispatch(Object(CakeRequest), Object(CakeResponse))
#1 {main}
2013-10-17 14:57:18 Logins/102013/logs: Login successfull using username: 'admin' from IP: 192.168.0.88
2013-10-17 14:57:20 Error: [MissingControllerException] Controller class Favicon.icoController could not be found.
#0 /home/hbku/www/app/webroot/index.php(92): Dispatcher->dispatch(Object(CakeRequest), Object(CakeResponse))
#1 {main}
2013-10-17 17:49:44 Logins/102013/logs: Login successfull using username: 'admin' from IP: 192.168.0.88
2013-10-22 10:58:17 Error: [MissingControllerException] Controller class Favicon.icoController could not be found.
#0 /home/hbku/www/app/webroot/index.php(92): Dispatcher->dispatch(Object(CakeRequest), Object(CakeResponse))
#1 {main}
2013-10-22 11:01:17 Error: [MissingControllerException] Controller class ImgController could not be found.
#0 /home/hbku/www/app/webroot/index.php(92): Dispatcher->dispatch(Object(CakeRequest), Object(CakeResponse))
#1 {main}
2013-10-22 11:01:19 Error: [MissingControllerException] Controller class ImgController could not be found.
#0 /home/hbku/www/app/webroot/index.php(92): Dispatcher->dispatch(Object(CakeRequest), Object(CakeResponse))
#1 {main}
2013-10-22 11:01:21 Logins/102013/logs: Login successfull using username: 'admin' from IP: 192.168.0.88
2013-10-22 11:38:13 Logins/102013/logs: Login successfull using username: 'admin' from IP: 192.168.0.88
2013-10-23 09:56:22 Error: [MissingControllerException] Controller class Favicon.icoController could not be found.
#0 /home/hbku/www/app/webroot/index.php(92): Dispatcher->dispatch(Object(CakeRequest), Object(CakeResponse))
#1 {main}
2013-10-23 09:56:22 Error: [MissingControllerException] Controller class Favicon.icoController could not be found.
#0 /home/hbku/www/app/webroot/index.php(92): Dispatcher->dispatch(Object(CakeRequest), Object(CakeResponse))
#1 {main}
2013-10-23 09:56:22 Error: [MissingControllerException] Controller class Favicon.icoController could not be found.
#0 /home/hbku/www/app/webroot/index.php(92): Dispatcher->dispatch(Object(CakeRequest), Object(CakeResponse))
#1 {main}
2013-10-23 16:02:34 Error: [MissingControllerException] Controller class ImgController could not be found.
#0 /home/hbku/www/app/webroot/index.php(92): Dispatcher->dispatch(Object(CakeRequest), Object(CakeResponse))
#1 {main}
2013-10-23 16:02:34 Error: [MissingControllerException] Controller class ImgController could not be found.
#0 /home/hbku/www/app/webroot/index.php(92): Dispatcher->dispatch(Object(CakeRequest), Object(CakeResponse))
#1 {main}
2013-10-23 16:03:21 Logins/102013/logs: Login successfull using username: 'admin' from IP: 192.168.0.88
2013-10-23 16:03:22 Error: [MissingControllerException] Controller class Favicon.icoController could not be found.
#0 /home/hbku/www/app/webroot/index.php(92): Dispatcher->dispatch(Object(CakeRequest), Object(CakeResponse))
#1 {main}
2013-10-23 16:21:55 Error: [MissingViewException] View file "/home/hbku/www/app/View/DynamicPages/updated_i18.ctp" is missing.
#0 /home/hbku/www/lib/Cake/View/View.php(473): View->_getViewFileName(NULL)
#1 /home/hbku/www/lib/Cake/Controller/Controller.php(956): View->render(NULL, NULL)
#2 /home/hbku/www/lib/Cake/Routing/Dispatcher.php(193): Controller->render()
#3 /home/hbku/www/lib/Cake/Routing/Dispatcher.php(161): Dispatcher->_invoke(Object(DynamicPagesController), Object(CakeRequest), Object(CakeResponse))
#4 /home/hbku/www/app/webroot/index.php(92): Dispatcher->dispatch(Object(CakeRequest), Object(CakeResponse))
#5 {main}
2013-10-23 17:28:31 Error: [MissingControllerException] Controller class FilesController could not be found.
#0 /home/hbku/www/app/webroot/index.php(92): Dispatcher->dispatch(Object(CakeRequest), Object(CakeResponse))
#1 {main}
2013-10-23 17:28:33 Error: [MissingControllerException] Controller class FilesController could not be found.
#0 /home/hbku/www/app/webroot/index.php(92): Dispatcher->dispatch(Object(CakeRequest), Object(CakeResponse))
#1 {main}
2013-10-24 08:50:27 Logins/102013/logs: Login successfull using username: 'admin' from IP: 192.168.0.88
2013-10-24 13:00:58 Logins/102013/logs: Login successfull using username: 'admin' from IP: 192.168.0.88
2013-10-24 13:56:39 Error: [MissingControllerException] Controller class ExecutiveManagementController could not be found.
#0 /home/hbku/www/app/webroot/index.php(92): Dispatcher->dispatch(Object(CakeRequest), Object(CakeResponse))
#1 {main}
2013-10-24 13:56:49 Error: [MissingControllerException] Controller class DynamicPagesظexecutiveManagementController could not be found.
#0 /home/hbku/www/app/webroot/index.php(92): Dispatcher->dispatch(Object(CakeRequest), Object(CakeResponse))
#1 {main}
2013-10-24 13:56:55 Error: [MissingActionException] Action DynamicPagesController::ظexecutive_management() could not be found.
#0 /home/hbku/www/lib/Cake/Routing/Dispatcher.php(186): Controller->invokeAction(Object(CakeRequest))
#1 /home/hbku/www/lib/Cake/Routing/Dispatcher.php(161): Dispatcher->_invoke(Object(DynamicPagesController), Object(CakeRequest), Object(CakeResponse))
#2 /home/hbku/www/app/webroot/index.php(92): Dispatcher->dispatch(Object(CakeRequest), Object(CakeResponse))
#3 {main}
2013-10-24 13:56:59 Error: [MissingActionException] Action DynamicPagesController::ظexecutive_management() could not be found.
#0 /home/hbku/www/lib/Cake/Routing/Dispatcher.php(186): Controller->invokeAction(Object(CakeRequest))
#1 /home/hbku/www/lib/Cake/Routing/Dispatcher.php(161): Dispatcher->_invoke(Object(DynamicPagesController), Object(CakeRequest), Object(CakeResponse))
#2 /home/hbku/www/app/webroot/index.php(92): Dispatcher->dispatch(Object(CakeRequest), Object(CakeResponse))
#3 {main}
2013-10-24 15:43:04 Logins/102013/logs: Login successfull using username: 'admin' from IP: 192.168.0.88
2013-10-24 16:11:41 Error: [MissingControllerException] Controller class Favicon.icoController could not be found.
#0 /home/hbku/www/app/webroot/index.php(92): Dispatcher->dispatch(Object(CakeRequest), Object(CakeResponse))
#1 {main}
2013-10-24 16:13:44 Error: [MissingControllerException] Controller class Favicon.icoController could not be found.
#0 /home/hbku/www/app/webroot/index.php(92): Dispatcher->dispatch(Object(CakeRequest), Object(CakeResponse))
#1 {main}
2013-10-24 16:18:54 Error: [MissingControllerException] Controller class Favicon.icoController could not be found.
#0 /home/hbku/www/app/webroot/index.php(92): Dispatcher->dispatch(Object(CakeRequest), Object(CakeResponse))
#1 {main}
2013-10-24 16:26:30 Error: [MissingControllerException] Controller class Favicon.icoController could not be found.
#0 /home/hbku/www/app/webroot/index.php(92): Dispatcher->dispatch(Object(CakeRequest), Object(CakeResponse))
#1 {main}
2013-10-24 16:47:13 Logins/102013/logs: Login successfull using username: 'admin' from IP: 192.168.0.88
2013-10-24 17:02:25 Logins/102013/logs: Login successfull using username: 'admin' from IP: 192.168.0.88
2013-10-25 18:41:14 Error: [MissingControllerException] Controller class ImgController could not be found.
#0 /home/hbku/www/app/webroot/index.php(92): Dispatcher->dispatch(Object(CakeRequest), Object(CakeResponse))
#1 {main}
2013-10-25 18:41:15 Error: [MissingControllerException] Controller class ImgController could not be found.
#0 /home/hbku/www/app/webroot/index.php(92): Dispatcher->dispatch(Object(CakeRequest), Object(CakeResponse))
#1 {main}
2013-10-25 18:41:18 Logins/102013/logs: Login successfull using username: 'admin' from IP: 192.168.0.88
2013-10-25 18:41:20 Error: [MissingControllerException] Controller class Favicon.icoController could not be found.
#0 /home/hbku/www/app/webroot/index.php(92): Dispatcher->dispatch(Object(CakeRequest), Object(CakeResponse))
#1 {main}
2013-10-28 17:31:26 Error: [MissingControllerException] Controller class ImgController could not be found.
#0 /home/hbku/www/app/webroot/index.php(92): Dispatcher->dispatch(Object(CakeRequest), Object(CakeResponse))
#1 {main}
2013-10-28 17:31:27 Error: [MissingControllerException] Controller class ImgController could not be found.
#0 /home/hbku/www/app/webroot/index.php(92): Dispatcher->dispatch(Object(CakeRequest), Object(CakeResponse))
#1 {main}
2013-10-28 17:31:34 Logins/102013/logs: Login successfull using username: 'admin' from IP: 192.168.0.88
2013-10-28 17:31:36 Error: [MissingControllerException] Controller class Favicon.icoController could not be found.
#0 /home/hbku/www/app/webroot/index.php(92): Dispatcher->dispatch(Object(CakeRequest), Object(CakeResponse))
#1 {main}
2013-10-29 15:45:27 Error: [MissingControllerException] Controller class Favicon.icoController could not be found.
#0 /home/hbku/www/app/webroot/index.php(92): Dispatcher->dispatch(Object(CakeRequest), Object(CakeResponse))
#1 {main}
2013-10-29 15:45:27 Error: [MissingControllerException] Controller class Favicon.icoController could not be found.
#0 /home/hbku/www/app/webroot/index.php(92): Dispatcher->dispatch(Object(CakeRequest), Object(CakeResponse))
#1 {main}
2013-10-29 15:45:27 Error: [MissingControllerException] Controller class Favicon.icoController could not be found.
#0 /home/hbku/www/app/webroot/index.php(92): Dispatcher->dispatch(Object(CakeRequest), Object(CakeResponse))
#1 {main}
2013-10-31 13:08:22 Error: [MissingControllerException] Controller class Favicon.icoController could not be found.
#0 /home/hbku/www/app/webroot/index.php(92): Dispatcher->dispatch(Object(CakeRequest), Object(CakeResponse))
#1 {main}
