2014-04-08 12:26:02 Error: [MissingControllerException] Controller class ImgController could not be found.
#0 /home/hbku/www/app/webroot/index.php(92): Dispatcher->dispatch(Object(CakeRequest), Object(CakeResponse))
#1 {main}
2014-04-08 12:26:03 Error: [MissingControllerException] Controller class ImgController could not be found.
#0 /home/hbku/www/app/webroot/index.php(92): Dispatcher->dispatch(Object(CakeRequest), Object(CakeResponse))
#1 {main}
2014-04-08 12:26:05 Logins/042014/logs: Login successfull using username: 'admin' from IP: 192.168.0.88
2014-04-08 12:26:07 Error: [MissingControllerException] Controller class Favicon.icoController could not be found.
#0 /home/hbku/www/app/webroot/index.php(92): Dispatcher->dispatch(Object(CakeRequest), Object(CakeResponse))
#1 {main}
2014-04-08 12:26:07 Error: [MissingControllerException] Controller class Favicon.icoController could not be found.
#0 /home/hbku/www/app/webroot/index.php(92): Dispatcher->dispatch(Object(CakeRequest), Object(CakeResponse))
#1 {main}
2014-04-08 16:12:10 Logins/042014/logs: Login successfull using username: 'admin' from IP: 192.168.0.88
2014-04-09 08:43:23 Logins/042014/logs: Login successfull using username: 'admin' from IP: 192.168.0.88
2014-04-10 14:30:22 Error: [MissingControllerException] Controller class Favicon.icoController could not be found.
#0 /home/hbku/www/app/webroot/index.php(92): Dispatcher->dispatch(Object(CakeRequest), Object(CakeResponse))
#1 {main}
2014-04-10 14:30:22 Error: [MissingControllerException] Controller class Favicon.icoController could not be found.
#0 /home/hbku/www/app/webroot/index.php(92): Dispatcher->dispatch(Object(CakeRequest), Object(CakeResponse))
#1 {main}
2014-04-10 14:30:44 Error: [MissingControllerException] Controller class ImgController could not be found.
#0 /home/hbku/www/app/webroot/index.php(92): Dispatcher->dispatch(Object(CakeRequest), Object(CakeResponse))
#1 {main}
2014-04-10 14:30:46 Error: [MissingControllerException] Controller class ImgController could not be found.
#0 /home/hbku/www/app/webroot/index.php(92): Dispatcher->dispatch(Object(CakeRequest), Object(CakeResponse))
#1 {main}
2014-04-10 14:30:47 Logins/042014/logs: Login successfull using username: 'admin' from IP: 192.168.0.88
2014-04-15 14:03:25 Error: [MissingControllerException] Controller class Favicon.icoController could not be found.
#0 /home/hbku/www/app/webroot/index.php(92): Dispatcher->dispatch(Object(CakeRequest), Object(CakeResponse))
#1 {main}
2014-04-15 14:03:25 Error: [MissingControllerException] Controller class Favicon.icoController could not be found.
#0 /home/hbku/www/app/webroot/index.php(92): Dispatcher->dispatch(Object(CakeRequest), Object(CakeResponse))
#1 {main}
2014-04-17 09:05:08 Error: [MissingControllerException] Controller class Favicon.icoController could not be found.
#0 /home/hbku/www/app/webroot/index.php(92): Dispatcher->dispatch(Object(CakeRequest), Object(CakeResponse))
#1 {main}
2014-04-17 09:05:09 Error: [MissingControllerException] Controller class Favicon.icoController could not be found.
#0 /home/hbku/www/app/webroot/index.php(92): Dispatcher->dispatch(Object(CakeRequest), Object(CakeResponse))
#1 {main}
2014-04-17 09:11:12 Error: [MissingControllerException] Controller class ImgController could not be found.
#0 /home/hbku/www/app/webroot/index.php(92): Dispatcher->dispatch(Object(CakeRequest), Object(CakeResponse))
#1 {main}
2014-04-17 09:11:13 Error: [MissingControllerException] Controller class ImgController could not be found.
#0 /home/hbku/www/app/webroot/index.php(92): Dispatcher->dispatch(Object(CakeRequest), Object(CakeResponse))
#1 {main}
2014-04-17 09:11:14 Logins/042014/logs: Login successfull using username: 'admin' from IP: 192.168.0.88
2014-04-17 14:22:12 Error: [MissingActionException] Action DynamicPagesController::download_file_test() could not be found.
#0 /home/hbku/www/lib/Cake/Routing/Dispatcher.php(186): Controller->invokeAction(Object(CakeRequest))
#1 /home/hbku/www/lib/Cake/Routing/Dispatcher.php(161): Dispatcher->_invoke(Object(DynamicPagesController), Object(CakeRequest), Object(CakeResponse))
#2 /home/hbku/www/app/webroot/index.php(92): Dispatcher->dispatch(Object(CakeRequest), Object(CakeResponse))
#3 {main}
2014-04-30 14:52:04 Error: [MissingControllerException] Controller class Favicon.icoController could not be found.
#0 /home/hbku/www/app/webroot/index.php(92): Dispatcher->dispatch(Object(CakeRequest), Object(CakeResponse))
#1 {main}
2014-04-30 14:52:05 Error: [MissingControllerException] Controller class Favicon.icoController could not be found.
#0 /home/hbku/www/app/webroot/index.php(92): Dispatcher->dispatch(Object(CakeRequest), Object(CakeResponse))
#1 {main}
