2014-05-02 08:50:13 Error: [MissingControllerException] Controller class ImgController could not be found.
#0 /home/hbku/www/app/webroot/index.php(92): Dispatcher->dispatch(Object(CakeRequest), Object(CakeResponse))
#1 {main}
2014-05-02 08:50:14 Error: [MissingControllerException] Controller class ImgController could not be found.
#0 /home/hbku/www/app/webroot/index.php(92): Dispatcher->dispatch(Object(CakeRequest), Object(CakeResponse))
#1 {main}
2014-05-02 08:50:27 Error: [MissingControllerException] Controller class Favicon.icoController could not be found.
#0 /home/hbku/www/app/webroot/index.php(92): Dispatcher->dispatch(Object(CakeRequest), Object(CakeResponse))
#1 {main}
2014-05-02 08:50:27 Error: [MissingControllerException] Controller class Favicon.icoController could not be found.
#0 /home/hbku/www/app/webroot/index.php(92): Dispatcher->dispatch(Object(CakeRequest), Object(CakeResponse))
#1 {main}
2014-05-02 08:52:48 Logins/052014/logs: Login successfull using username: 'admin' from IP: 192.168.0.88
2014-05-02 12:08:14 Logins/052014/logs: Login successfull using username: 'admin' from IP: 192.168.0.88
2014-05-06 11:47:02 Error: [MissingControllerException] Controller class ImgController could not be found.
#0 /home/hbku/www/app/webroot/index.php(92): Dispatcher->dispatch(Object(CakeRequest), Object(CakeResponse))
#1 {main}
2014-05-06 11:47:03 Error: [MissingControllerException] Controller class ImgController could not be found.
#0 /home/hbku/www/app/webroot/index.php(92): Dispatcher->dispatch(Object(CakeRequest), Object(CakeResponse))
#1 {main}
2014-05-06 11:47:06 Logins/052014/logs: Login successfull using username: 'admin' from IP: 192.168.0.88
2014-05-06 11:47:07 Error: [MissingControllerException] Controller class Favicon.icoController could not be found.
#0 /home/hbku/www/app/webroot/index.php(92): Dispatcher->dispatch(Object(CakeRequest), Object(CakeResponse))
#1 {main}
2014-05-06 11:47:07 Error: [MissingControllerException] Controller class Favicon.icoController could not be found.
#0 /home/hbku/www/app/webroot/index.php(92): Dispatcher->dispatch(Object(CakeRequest), Object(CakeResponse))
#1 {main}
2014-05-06 15:24:32 Logins/052014/logs: Login successfull using username: 'admin' from IP: 192.168.0.88
2014-05-06 15:38:40 Error: [MissingControllerException] Controller class FilesController could not be found.
#0 /home/hbku/www/app/webroot/index.php(92): Dispatcher->dispatch(Object(CakeRequest), Object(CakeResponse))
#1 {main}
2014-05-06 17:38:48 Error: [MissingControllerException] Controller class ImgController could not be found.
#0 /home/hbku/www/app/webroot/index.php(92): Dispatcher->dispatch(Object(CakeRequest), Object(CakeResponse))
#1 {main}
2014-05-06 17:38:48 Error: [MissingControllerException] Controller class ImgController could not be found.
#0 /home/hbku/www/app/webroot/index.php(92): Dispatcher->dispatch(Object(CakeRequest), Object(CakeResponse))
#1 {main}
2014-05-06 17:38:50 Logins/052014/logs: Login successfull using username: 'admin' from IP: 192.168.0.88
2014-05-06 17:38:51 Error: [MissingControllerException] Controller class Favicon.icoController could not be found.
#0 /home/hbku/www/app/webroot/index.php(92): Dispatcher->dispatch(Object(CakeRequest), Object(CakeResponse))
#1 {main}
2014-05-06 17:38:51 Error: [MissingControllerException] Controller class Favicon.icoController could not be found.
#0 /home/hbku/www/app/webroot/index.php(92): Dispatcher->dispatch(Object(CakeRequest), Object(CakeResponse))
#1 {main}
2014-05-07 14:46:19 Logins/052014/logs: Login successfull using username: 'admin' from IP: 192.168.0.88
2014-05-07 15:19:59 Error: [MissingViewException] View file "/home/hbku/www/app/View/Pages/clear_all_cache.ctp" is missing.
#0 /home/hbku/www/lib/Cake/View/View.php(473): View->_getViewFileName(NULL)
#1 /home/hbku/www/lib/Cake/Controller/Controller.php(956): View->render(NULL, NULL)
#2 /home/hbku/www/lib/Cake/Routing/Dispatcher.php(193): Controller->render()
#3 /home/hbku/www/lib/Cake/Routing/Dispatcher.php(161): Dispatcher->_invoke(Object(PagesController), Object(CakeRequest), Object(CakeResponse))
#4 /home/hbku/www/app/webroot/index.php(92): Dispatcher->dispatch(Object(CakeRequest), Object(CakeResponse))
#5 {main}
2014-05-07 15:20:21 Error: [MissingViewException] View file "/home/hbku/www/app/View/Pages/clear_all_cache.ctp" is missing.
#0 /home/hbku/www/lib/Cake/View/View.php(473): View->_getViewFileName(NULL)
#1 /home/hbku/www/lib/Cake/Controller/Controller.php(956): View->render(NULL, NULL)
#2 /home/hbku/www/lib/Cake/Routing/Dispatcher.php(193): Controller->render()
#3 /home/hbku/www/lib/Cake/Routing/Dispatcher.php(161): Dispatcher->_invoke(Object(PagesController), Object(CakeRequest), Object(CakeResponse))
#4 /home/hbku/www/app/webroot/index.php(92): Dispatcher->dispatch(Object(CakeRequest), Object(CakeResponse))
#5 {main}
2014-05-07 15:20:30 Error: [MissingViewException] View file "/home/hbku/www/app/View/Pages/clear_all_cache.ctp" is missing.
#0 /home/hbku/www/lib/Cake/View/View.php(473): View->_getViewFileName(NULL)
#1 /home/hbku/www/lib/Cake/Controller/Controller.php(956): View->render(NULL, NULL)
#2 /home/hbku/www/lib/Cake/Routing/Dispatcher.php(193): Controller->render()
#3 /home/hbku/www/lib/Cake/Routing/Dispatcher.php(161): Dispatcher->_invoke(Object(PagesController), Object(CakeRequest), Object(CakeResponse))
#4 /home/hbku/www/app/webroot/index.php(92): Dispatcher->dispatch(Object(CakeRequest), Object(CakeResponse))
#5 {main}
2014-05-07 15:23:08 Error: [MissingViewException] View file "/home/hbku/www/app/View/Pages/clear_all_cache.ctp" is missing.
#0 /home/hbku/www/lib/Cake/View/View.php(473): View->_getViewFileName(NULL)
#1 /home/hbku/www/lib/Cake/Controller/Controller.php(956): View->render(NULL, NULL)
#2 /home/hbku/www/lib/Cake/Routing/Dispatcher.php(193): Controller->render()
#3 /home/hbku/www/lib/Cake/Routing/Dispatcher.php(161): Dispatcher->_invoke(Object(PagesController), Object(CakeRequest), Object(CakeResponse))
#4 /home/hbku/www/app/webroot/index.php(92): Dispatcher->dispatch(Object(CakeRequest), Object(CakeResponse))
#5 {main}
2014-05-07 15:31:02 Error: [MissingViewException] View file "/home/hbku/www/app/View/Pages/clear_all_cache.ctp" is missing.
#0 /home/hbku/www/lib/Cake/View/View.php(473): View->_getViewFileName(NULL)
#1 /home/hbku/www/lib/Cake/Controller/Controller.php(956): View->render(NULL, NULL)
#2 /home/hbku/www/lib/Cake/Routing/Dispatcher.php(193): Controller->render()
#3 /home/hbku/www/lib/Cake/Routing/Dispatcher.php(161): Dispatcher->_invoke(Object(PagesController), Object(CakeRequest), Object(CakeResponse))
#4 /home/hbku/www/app/webroot/index.php(92): Dispatcher->dispatch(Object(CakeRequest), Object(CakeResponse))
#5 {main}
2014-05-07 15:31:02 Error: [MissingViewException] View file "/home/hbku/www/app/View/Pages/clear_all_cache.ctp" is missing.
#0 /home/hbku/www/lib/Cake/View/View.php(473): View->_getViewFileName(NULL)
#1 /home/hbku/www/lib/Cake/Controller/Controller.php(956): View->render(NULL, NULL)
#2 /home/hbku/www/lib/Cake/Routing/Dispatcher.php(193): Controller->render()
#3 /home/hbku/www/lib/Cake/Routing/Dispatcher.php(161): Dispatcher->_invoke(Object(PagesController), Object(CakeRequest), Object(CakeResponse))
#4 /home/hbku/www/app/webroot/index.php(92): Dispatcher->dispatch(Object(CakeRequest), Object(CakeResponse))
#5 {main}
2014-05-07 15:31:02 Error: [MissingViewException] View file "/home/hbku/www/app/View/Pages/clear_all_cache.ctp" is missing.
#0 /home/hbku/www/lib/Cake/View/View.php(473): View->_getViewFileName(NULL)
#1 /home/hbku/www/lib/Cake/Controller/Controller.php(956): View->render(NULL, NULL)
#2 /home/hbku/www/lib/Cake/Routing/Dispatcher.php(193): Controller->render()
#3 /home/hbku/www/lib/Cake/Routing/Dispatcher.php(161): Dispatcher->_invoke(Object(PagesController), Object(CakeRequest), Object(CakeResponse))
#4 /home/hbku/www/app/webroot/index.php(92): Dispatcher->dispatch(Object(CakeRequest), Object(CakeResponse))
#5 {main}
2014-05-07 15:31:02 Error: [MissingViewException] View file "/home/hbku/www/app/View/Pages/clear_all_cache.ctp" is missing.
#0 /home/hbku/www/lib/Cake/View/View.php(473): View->_getViewFileName(NULL)
#1 /home/hbku/www/lib/Cake/Controller/Controller.php(956): View->render(NULL, NULL)
#2 /home/hbku/www/lib/Cake/Routing/Dispatcher.php(193): Controller->render()
#3 /home/hbku/www/lib/Cake/Routing/Dispatcher.php(161): Dispatcher->_invoke(Object(PagesController), Object(CakeRequest), Object(CakeResponse))
#4 /home/hbku/www/app/webroot/index.php(92): Dispatcher->dispatch(Object(CakeRequest), Object(CakeResponse))
#5 {main}
2014-05-07 15:31:02 Error: [MissingViewException] View file "/home/hbku/www/app/View/Pages/clear_all_cache.ctp" is missing.
#0 /home/hbku/www/lib/Cake/View/View.php(473): View->_getViewFileName(NULL)
#1 /home/hbku/www/lib/Cake/Controller/Controller.php(956): View->render(NULL, NULL)
#2 /home/hbku/www/lib/Cake/Routing/Dispatcher.php(193): Controller->render()
#3 /home/hbku/www/lib/Cake/Routing/Dispatcher.php(161): Dispatcher->_invoke(Object(PagesController), Object(CakeRequest), Object(CakeResponse))
#4 /home/hbku/www/app/webroot/index.php(92): Dispatcher->dispatch(Object(CakeRequest), Object(CakeResponse))
#5 {main}
2014-05-07 15:31:03 Error: [MissingViewException] View file "/home/hbku/www/app/View/Pages/clear_all_cache.ctp" is missing.
#0 /home/hbku/www/lib/Cake/View/View.php(473): View->_getViewFileName(NULL)
#1 /home/hbku/www/lib/Cake/Controller/Controller.php(956): View->render(NULL, NULL)
#2 /home/hbku/www/lib/Cake/Routing/Dispatcher.php(193): Controller->render()
#3 /home/hbku/www/lib/Cake/Routing/Dispatcher.php(161): Dispatcher->_invoke(Object(PagesController), Object(CakeRequest), Object(CakeResponse))
#4 /home/hbku/www/app/webroot/index.php(92): Dispatcher->dispatch(Object(CakeRequest), Object(CakeResponse))
#5 {main}
2014-05-07 15:31:03 Error: [MissingViewException] View file "/home/hbku/www/app/View/Pages/clear_all_cache.ctp" is missing.
#0 /home/hbku/www/lib/Cake/View/View.php(473): View->_getViewFileName(NULL)
#1 /home/hbku/www/lib/Cake/Controller/Controller.php(956): View->render(NULL, NULL)
#2 /home/hbku/www/lib/Cake/Routing/Dispatcher.php(193): Controller->render()
#3 /home/hbku/www/lib/Cake/Routing/Dispatcher.php(161): Dispatcher->_invoke(Object(PagesController), Object(CakeRequest), Object(CakeResponse))
#4 /home/hbku/www/app/webroot/index.php(92): Dispatcher->dispatch(Object(CakeRequest), Object(CakeResponse))
#5 {main}
2014-05-07 15:31:03 Error: [MissingViewException] View file "/home/hbku/www/app/View/Pages/clear_all_cache.ctp" is missing.
#0 /home/hbku/www/lib/Cake/View/View.php(473): View->_getViewFileName(NULL)
#1 /home/hbku/www/lib/Cake/Controller/Controller.php(956): View->render(NULL, NULL)
#2 /home/hbku/www/lib/Cake/Routing/Dispatcher.php(193): Controller->render()
#3 /home/hbku/www/lib/Cake/Routing/Dispatcher.php(161): Dispatcher->_invoke(Object(PagesController), Object(CakeRequest), Object(CakeResponse))
#4 /home/hbku/www/app/webroot/index.php(92): Dispatcher->dispatch(Object(CakeRequest), Object(CakeResponse))
#5 {main}
2014-05-07 15:31:03 Error: [MissingViewException] View file "/home/hbku/www/app/View/Pages/clear_all_cache.ctp" is missing.
#0 /home/hbku/www/lib/Cake/View/View.php(473): View->_getViewFileName(NULL)
#1 /home/hbku/www/lib/Cake/Controller/Controller.php(956): View->render(NULL, NULL)
#2 /home/hbku/www/lib/Cake/Routing/Dispatcher.php(193): Controller->render()
#3 /home/hbku/www/lib/Cake/Routing/Dispatcher.php(161): Dispatcher->_invoke(Object(PagesController), Object(CakeRequest), Object(CakeResponse))
#4 /home/hbku/www/app/webroot/index.php(92): Dispatcher->dispatch(Object(CakeRequest), Object(CakeResponse))
#5 {main}
2014-05-07 15:31:03 Error: [MissingViewException] View file "/home/hbku/www/app/View/Pages/clear_all_cache.ctp" is missing.
#0 /home/hbku/www/lib/Cake/View/View.php(473): View->_getViewFileName(NULL)
#1 /home/hbku/www/lib/Cake/Controller/Controller.php(956): View->render(NULL, NULL)
#2 /home/hbku/www/lib/Cake/Routing/Dispatcher.php(193): Controller->render()
#3 /home/hbku/www/lib/Cake/Routing/Dispatcher.php(161): Dispatcher->_invoke(Object(PagesController), Object(CakeRequest), Object(CakeResponse))
#4 /home/hbku/www/app/webroot/index.php(92): Dispatcher->dispatch(Object(CakeRequest), Object(CakeResponse))
#5 {main}
2014-05-07 15:31:04 Error: [MissingViewException] View file "/home/hbku/www/app/View/Pages/clear_all_cache.ctp" is missing.
#0 /home/hbku/www/lib/Cake/View/View.php(473): View->_getViewFileName(NULL)
#1 /home/hbku/www/lib/Cake/Controller/Controller.php(956): View->render(NULL, NULL)
#2 /home/hbku/www/lib/Cake/Routing/Dispatcher.php(193): Controller->render()
#3 /home/hbku/www/lib/Cake/Routing/Dispatcher.php(161): Dispatcher->_invoke(Object(PagesController), Object(CakeRequest), Object(CakeResponse))
#4 /home/hbku/www/app/webroot/index.php(92): Dispatcher->dispatch(Object(CakeRequest), Object(CakeResponse))
#5 {main}
2014-05-07 15:31:04 Error: [MissingViewException] View file "/home/hbku/www/app/View/Pages/clear_all_cache.ctp" is missing.
#0 /home/hbku/www/lib/Cake/View/View.php(473): View->_getViewFileName(NULL)
#1 /home/hbku/www/lib/Cake/Controller/Controller.php(956): View->render(NULL, NULL)
#2 /home/hbku/www/lib/Cake/Routing/Dispatcher.php(193): Controller->render()
#3 /home/hbku/www/lib/Cake/Routing/Dispatcher.php(161): Dispatcher->_invoke(Object(PagesController), Object(CakeRequest), Object(CakeResponse))
#4 /home/hbku/www/app/webroot/index.php(92): Dispatcher->dispatch(Object(CakeRequest), Object(CakeResponse))
#5 {main}
2014-05-07 15:31:04 Error: [MissingViewException] View file "/home/hbku/www/app/View/Pages/clear_all_cache.ctp" is missing.
#0 /home/hbku/www/lib/Cake/View/View.php(473): View->_getViewFileName(NULL)
#1 /home/hbku/www/lib/Cake/Controller/Controller.php(956): View->render(NULL, NULL)
#2 /home/hbku/www/lib/Cake/Routing/Dispatcher.php(193): Controller->render()
#3 /home/hbku/www/lib/Cake/Routing/Dispatcher.php(161): Dispatcher->_invoke(Object(PagesController), Object(CakeRequest), Object(CakeResponse))
#4 /home/hbku/www/app/webroot/index.php(92): Dispatcher->dispatch(Object(CakeRequest), Object(CakeResponse))
#5 {main}
2014-05-07 15:31:04 Error: [MissingViewException] View file "/home/hbku/www/app/View/Pages/clear_all_cache.ctp" is missing.
#0 /home/hbku/www/lib/Cake/View/View.php(473): View->_getViewFileName(NULL)
#1 /home/hbku/www/lib/Cake/Controller/Controller.php(956): View->render(NULL, NULL)
#2 /home/hbku/www/lib/Cake/Routing/Dispatcher.php(193): Controller->render()
#3 /home/hbku/www/lib/Cake/Routing/Dispatcher.php(161): Dispatcher->_invoke(Object(PagesController), Object(CakeRequest), Object(CakeResponse))
#4 /home/hbku/www/app/webroot/index.php(92): Dispatcher->dispatch(Object(CakeRequest), Object(CakeResponse))
#5 {main}
2014-05-07 15:31:04 Error: [MissingViewException] View file "/home/hbku/www/app/View/Pages/clear_all_cache.ctp" is missing.
#0 /home/hbku/www/lib/Cake/View/View.php(473): View->_getViewFileName(NULL)
#1 /home/hbku/www/lib/Cake/Controller/Controller.php(956): View->render(NULL, NULL)
#2 /home/hbku/www/lib/Cake/Routing/Dispatcher.php(193): Controller->render()
#3 /home/hbku/www/lib/Cake/Routing/Dispatcher.php(161): Dispatcher->_invoke(Object(PagesController), Object(CakeRequest), Object(CakeResponse))
#4 /home/hbku/www/app/webroot/index.php(92): Dispatcher->dispatch(Object(CakeRequest), Object(CakeResponse))
#5 {main}
2014-05-07 15:31:05 Error: [MissingViewException] View file "/home/hbku/www/app/View/Pages/clear_all_cache.ctp" is missing.
#0 /home/hbku/www/lib/Cake/View/View.php(473): View->_getViewFileName(NULL)
#1 /home/hbku/www/lib/Cake/Controller/Controller.php(956): View->render(NULL, NULL)
#2 /home/hbku/www/lib/Cake/Routing/Dispatcher.php(193): Controller->render()
#3 /home/hbku/www/lib/Cake/Routing/Dispatcher.php(161): Dispatcher->_invoke(Object(PagesController), Object(CakeRequest), Object(CakeResponse))
#4 /home/hbku/www/app/webroot/index.php(92): Dispatcher->dispatch(Object(CakeRequest), Object(CakeResponse))
#5 {main}
2014-05-07 15:31:05 Error: [MissingViewException] View file "/home/hbku/www/app/View/Pages/clear_all_cache.ctp" is missing.
#0 /home/hbku/www/lib/Cake/View/View.php(473): View->_getViewFileName(NULL)
#1 /home/hbku/www/lib/Cake/Controller/Controller.php(956): View->render(NULL, NULL)
#2 /home/hbku/www/lib/Cake/Routing/Dispatcher.php(193): Controller->render()
#3 /home/hbku/www/lib/Cake/Routing/Dispatcher.php(161): Dispatcher->_invoke(Object(PagesController), Object(CakeRequest), Object(CakeResponse))
#4 /home/hbku/www/app/webroot/index.php(92): Dispatcher->dispatch(Object(CakeRequest), Object(CakeResponse))
#5 {main}
2014-05-07 15:31:05 Error: [MissingViewException] View file "/home/hbku/www/app/View/Pages/clear_all_cache.ctp" is missing.
#0 /home/hbku/www/lib/Cake/View/View.php(473): View->_getViewFileName(NULL)
#1 /home/hbku/www/lib/Cake/Controller/Controller.php(956): View->render(NULL, NULL)
#2 /home/hbku/www/lib/Cake/Routing/Dispatcher.php(193): Controller->render()
#3 /home/hbku/www/lib/Cake/Routing/Dispatcher.php(161): Dispatcher->_invoke(Object(PagesController), Object(CakeRequest), Object(CakeResponse))
#4 /home/hbku/www/app/webroot/index.php(92): Dispatcher->dispatch(Object(CakeRequest), Object(CakeResponse))
#5 {main}
2014-05-07 15:31:05 Error: [MissingViewException] View file "/home/hbku/www/app/View/Pages/clear_all_cache.ctp" is missing.
#0 /home/hbku/www/lib/Cake/View/View.php(473): View->_getViewFileName(NULL)
#1 /home/hbku/www/lib/Cake/Controller/Controller.php(956): View->render(NULL, NULL)
#2 /home/hbku/www/lib/Cake/Routing/Dispatcher.php(193): Controller->render()
#3 /home/hbku/www/lib/Cake/Routing/Dispatcher.php(161): Dispatcher->_invoke(Object(PagesController), Object(CakeRequest), Object(CakeResponse))
#4 /home/hbku/www/app/webroot/index.php(92): Dispatcher->dispatch(Object(CakeRequest), Object(CakeResponse))
#5 {main}
2014-05-07 15:31:05 Error: [MissingViewException] View file "/home/hbku/www/app/View/Pages/clear_all_cache.ctp" is missing.
#0 /home/hbku/www/lib/Cake/View/View.php(473): View->_getViewFileName(NULL)
#1 /home/hbku/www/lib/Cake/Controller/Controller.php(956): View->render(NULL, NULL)
#2 /home/hbku/www/lib/Cake/Routing/Dispatcher.php(193): Controller->render()
#3 /home/hbku/www/lib/Cake/Routing/Dispatcher.php(161): Dispatcher->_invoke(Object(PagesController), Object(CakeRequest), Object(CakeResponse))
#4 /home/hbku/www/app/webroot/index.php(92): Dispatcher->dispatch(Object(CakeRequest), Object(CakeResponse))
#5 {main}
2014-05-07 15:31:05 Error: [MissingViewException] View file "/home/hbku/www/app/View/Pages/clear_all_cache.ctp" is missing.
#0 /home/hbku/www/lib/Cake/View/View.php(473): View->_getViewFileName(NULL)
#1 /home/hbku/www/lib/Cake/Controller/Controller.php(956): View->render(NULL, NULL)
#2 /home/hbku/www/lib/Cake/Routing/Dispatcher.php(193): Controller->render()
#3 /home/hbku/www/lib/Cake/Routing/Dispatcher.php(161): Dispatcher->_invoke(Object(PagesController), Object(CakeRequest), Object(CakeResponse))
#4 /home/hbku/www/app/webroot/index.php(92): Dispatcher->dispatch(Object(CakeRequest), Object(CakeResponse))
#5 {main}
2014-05-07 15:31:05 Error: [MissingViewException] View file "/home/hbku/www/app/View/Pages/clear_all_cache.ctp" is missing.
#0 /home/hbku/www/lib/Cake/View/View.php(473): View->_getViewFileName(NULL)
#1 /home/hbku/www/lib/Cake/Controller/Controller.php(956): View->render(NULL, NULL)
#2 /home/hbku/www/lib/Cake/Routing/Dispatcher.php(193): Controller->render()
#3 /home/hbku/www/lib/Cake/Routing/Dispatcher.php(161): Dispatcher->_invoke(Object(PagesController), Object(CakeRequest), Object(CakeResponse))
#4 /home/hbku/www/app/webroot/index.php(92): Dispatcher->dispatch(Object(CakeRequest), Object(CakeResponse))
#5 {main}
2014-05-07 15:31:05 Error: [MissingViewException] View file "/home/hbku/www/app/View/Pages/clear_all_cache.ctp" is missing.
#0 /home/hbku/www/lib/Cake/View/View.php(473): View->_getViewFileName(NULL)
#1 /home/hbku/www/lib/Cake/Controller/Controller.php(956): View->render(NULL, NULL)
#2 /home/hbku/www/lib/Cake/Routing/Dispatcher.php(193): Controller->render()
#3 /home/hbku/www/lib/Cake/Routing/Dispatcher.php(161): Dispatcher->_invoke(Object(PagesController), Object(CakeRequest), Object(CakeResponse))
#4 /home/hbku/www/app/webroot/index.php(92): Dispatcher->dispatch(Object(CakeRequest), Object(CakeResponse))
#5 {main}
2014-05-07 15:31:05 Error: [MissingViewException] View file "/home/hbku/www/app/View/Pages/clear_all_cache.ctp" is missing.
#0 /home/hbku/www/lib/Cake/View/View.php(473): View->_getViewFileName(NULL)
#1 /home/hbku/www/lib/Cake/Controller/Controller.php(956): View->render(NULL, NULL)
#2 /home/hbku/www/lib/Cake/Routing/Dispatcher.php(193): Controller->render()
#3 /home/hbku/www/lib/Cake/Routing/Dispatcher.php(161): Dispatcher->_invoke(Object(PagesController), Object(CakeRequest), Object(CakeResponse))
#4 /home/hbku/www/app/webroot/index.php(92): Dispatcher->dispatch(Object(CakeRequest), Object(CakeResponse))
#5 {main}
2014-05-07 15:31:05 Error: [MissingViewException] View file "/home/hbku/www/app/View/Pages/clear_all_cache.ctp" is missing.
#0 /home/hbku/www/lib/Cake/View/View.php(473): View->_getViewFileName(NULL)
#1 /home/hbku/www/lib/Cake/Controller/Controller.php(956): View->render(NULL, NULL)
#2 /home/hbku/www/lib/Cake/Routing/Dispatcher.php(193): Controller->render()
#3 /home/hbku/www/lib/Cake/Routing/Dispatcher.php(161): Dispatcher->_invoke(Object(PagesController), Object(CakeRequest), Object(CakeResponse))
#4 /home/hbku/www/app/webroot/index.php(92): Dispatcher->dispatch(Object(CakeRequest), Object(CakeResponse))
#5 {main}
2014-05-07 15:31:05 Error: [MissingViewException] View file "/home/hbku/www/app/View/Pages/clear_all_cache.ctp" is missing.
#0 /home/hbku/www/lib/Cake/View/View.php(473): View->_getViewFileName(NULL)
#1 /home/hbku/www/lib/Cake/Controller/Controller.php(956): View->render(NULL, NULL)
#2 /home/hbku/www/lib/Cake/Routing/Dispatcher.php(193): Controller->render()
#3 /home/hbku/www/lib/Cake/Routing/Dispatcher.php(161): Dispatcher->_invoke(Object(PagesController), Object(CakeRequest), Object(CakeResponse))
#4 /home/hbku/www/app/webroot/index.php(92): Dispatcher->dispatch(Object(CakeRequest), Object(CakeResponse))
#5 {main}
2014-05-07 15:31:06 Error: [MissingViewException] View file "/home/hbku/www/app/View/Pages/clear_all_cache.ctp" is missing.
#0 /home/hbku/www/lib/Cake/View/View.php(473): View->_getViewFileName(NULL)
#1 /home/hbku/www/lib/Cake/Controller/Controller.php(956): View->render(NULL, NULL)
#2 /home/hbku/www/lib/Cake/Routing/Dispatcher.php(193): Controller->render()
#3 /home/hbku/www/lib/Cake/Routing/Dispatcher.php(161): Dispatcher->_invoke(Object(PagesController), Object(CakeRequest), Object(CakeResponse))
#4 /home/hbku/www/app/webroot/index.php(92): Dispatcher->dispatch(Object(CakeRequest), Object(CakeResponse))
#5 {main}
2014-05-07 15:31:06 Error: [MissingViewException] View file "/home/hbku/www/app/View/Pages/clear_all_cache.ctp" is missing.
#0 /home/hbku/www/lib/Cake/View/View.php(473): View->_getViewFileName(NULL)
#1 /home/hbku/www/lib/Cake/Controller/Controller.php(956): View->render(NULL, NULL)
#2 /home/hbku/www/lib/Cake/Routing/Dispatcher.php(193): Controller->render()
#3 /home/hbku/www/lib/Cake/Routing/Dispatcher.php(161): Dispatcher->_invoke(Object(PagesController), Object(CakeRequest), Object(CakeResponse))
#4 /home/hbku/www/app/webroot/index.php(92): Dispatcher->dispatch(Object(CakeRequest), Object(CakeResponse))
#5 {main}
2014-05-07 15:31:06 Error: [MissingViewException] View file "/home/hbku/www/app/View/Pages/clear_all_cache.ctp" is missing.
#0 /home/hbku/www/lib/Cake/View/View.php(473): View->_getViewFileName(NULL)
#1 /home/hbku/www/lib/Cake/Controller/Controller.php(956): View->render(NULL, NULL)
#2 /home/hbku/www/lib/Cake/Routing/Dispatcher.php(193): Controller->render()
#3 /home/hbku/www/lib/Cake/Routing/Dispatcher.php(161): Dispatcher->_invoke(Object(PagesController), Object(CakeRequest), Object(CakeResponse))
#4 /home/hbku/www/app/webroot/index.php(92): Dispatcher->dispatch(Object(CakeRequest), Object(CakeResponse))
#5 {main}
2014-05-07 15:31:06 Error: [MissingViewException] View file "/home/hbku/www/app/View/Pages/clear_all_cache.ctp" is missing.
#0 /home/hbku/www/lib/Cake/View/View.php(473): View->_getViewFileName(NULL)
#1 /home/hbku/www/lib/Cake/Controller/Controller.php(956): View->render(NULL, NULL)
#2 /home/hbku/www/lib/Cake/Routing/Dispatcher.php(193): Controller->render()
#3 /home/hbku/www/lib/Cake/Routing/Dispatcher.php(161): Dispatcher->_invoke(Object(PagesController), Object(CakeRequest), Object(CakeResponse))
#4 /home/hbku/www/app/webroot/index.php(92): Dispatcher->dispatch(Object(CakeRequest), Object(CakeResponse))
#5 {main}
2014-05-07 15:31:06 Error: [MissingViewException] View file "/home/hbku/www/app/View/Pages/clear_all_cache.ctp" is missing.
#0 /home/hbku/www/lib/Cake/View/View.php(473): View->_getViewFileName(NULL)
#1 /home/hbku/www/lib/Cake/Controller/Controller.php(956): View->render(NULL, NULL)
#2 /home/hbku/www/lib/Cake/Routing/Dispatcher.php(193): Controller->render()
#3 /home/hbku/www/lib/Cake/Routing/Dispatcher.php(161): Dispatcher->_invoke(Object(PagesController), Object(CakeRequest), Object(CakeResponse))
#4 /home/hbku/www/app/webroot/index.php(92): Dispatcher->dispatch(Object(CakeRequest), Object(CakeResponse))
#5 {main}
2014-05-07 15:31:06 Error: [MissingViewException] View file "/home/hbku/www/app/View/Pages/clear_all_cache.ctp" is missing.
#0 /home/hbku/www/lib/Cake/View/View.php(473): View->_getViewFileName(NULL)
#1 /home/hbku/www/lib/Cake/Controller/Controller.php(956): View->render(NULL, NULL)
#2 /home/hbku/www/lib/Cake/Routing/Dispatcher.php(193): Controller->render()
#3 /home/hbku/www/lib/Cake/Routing/Dispatcher.php(161): Dispatcher->_invoke(Object(PagesController), Object(CakeRequest), Object(CakeResponse))
#4 /home/hbku/www/app/webroot/index.php(92): Dispatcher->dispatch(Object(CakeRequest), Object(CakeResponse))
#5 {main}
2014-05-07 15:31:06 Error: [MissingViewException] View file "/home/hbku/www/app/View/Pages/clear_all_cache.ctp" is missing.
#0 /home/hbku/www/lib/Cake/View/View.php(473): View->_getViewFileName(NULL)
#1 /home/hbku/www/lib/Cake/Controller/Controller.php(956): View->render(NULL, NULL)
#2 /home/hbku/www/lib/Cake/Routing/Dispatcher.php(193): Controller->render()
#3 /home/hbku/www/lib/Cake/Routing/Dispatcher.php(161): Dispatcher->_invoke(Object(PagesController), Object(CakeRequest), Object(CakeResponse))
#4 /home/hbku/www/app/webroot/index.php(92): Dispatcher->dispatch(Object(CakeRequest), Object(CakeResponse))
#5 {main}
2014-05-07 15:31:06 Error: [MissingViewException] View file "/home/hbku/www/app/View/Pages/clear_all_cache.ctp" is missing.
#0 /home/hbku/www/lib/Cake/View/View.php(473): View->_getViewFileName(NULL)
#1 /home/hbku/www/lib/Cake/Controller/Controller.php(956): View->render(NULL, NULL)
#2 /home/hbku/www/lib/Cake/Routing/Dispatcher.php(193): Controller->render()
#3 /home/hbku/www/lib/Cake/Routing/Dispatcher.php(161): Dispatcher->_invoke(Object(PagesController), Object(CakeRequest), Object(CakeResponse))
#4 /home/hbku/www/app/webroot/index.php(92): Dispatcher->dispatch(Object(CakeRequest), Object(CakeResponse))
#5 {main}
2014-05-07 15:31:06 Error: [MissingViewException] View file "/home/hbku/www/app/View/Pages/clear_all_cache.ctp" is missing.
#0 /home/hbku/www/lib/Cake/View/View.php(473): View->_getViewFileName(NULL)
#1 /home/hbku/www/lib/Cake/Controller/Controller.php(956): View->render(NULL, NULL)
#2 /home/hbku/www/lib/Cake/Routing/Dispatcher.php(193): Controller->render()
#3 /home/hbku/www/lib/Cake/Routing/Dispatcher.php(161): Dispatcher->_invoke(Object(PagesController), Object(CakeRequest), Object(CakeResponse))
#4 /home/hbku/www/app/webroot/index.php(92): Dispatcher->dispatch(Object(CakeRequest), Object(CakeResponse))
#5 {main}
2014-05-07 15:31:06 Error: [MissingViewException] View file "/home/hbku/www/app/View/Pages/clear_all_cache.ctp" is missing.
#0 /home/hbku/www/lib/Cake/View/View.php(473): View->_getViewFileName(NULL)
#1 /home/hbku/www/lib/Cake/Controller/Controller.php(956): View->render(NULL, NULL)
#2 /home/hbku/www/lib/Cake/Routing/Dispatcher.php(193): Controller->render()
#3 /home/hbku/www/lib/Cake/Routing/Dispatcher.php(161): Dispatcher->_invoke(Object(PagesController), Object(CakeRequest), Object(CakeResponse))
#4 /home/hbku/www/app/webroot/index.php(92): Dispatcher->dispatch(Object(CakeRequest), Object(CakeResponse))
#5 {main}
2014-05-07 15:31:06 Error: [MissingViewException] View file "/home/hbku/www/app/View/Pages/clear_all_cache.ctp" is missing.
#0 /home/hbku/www/lib/Cake/View/View.php(473): View->_getViewFileName(NULL)
#1 /home/hbku/www/lib/Cake/Controller/Controller.php(956): View->render(NULL, NULL)
#2 /home/hbku/www/lib/Cake/Routing/Dispatcher.php(193): Controller->render()
#3 /home/hbku/www/lib/Cake/Routing/Dispatcher.php(161): Dispatcher->_invoke(Object(PagesController), Object(CakeRequest), Object(CakeResponse))
#4 /home/hbku/www/app/webroot/index.php(92): Dispatcher->dispatch(Object(CakeRequest), Object(CakeResponse))
#5 {main}
2014-05-07 15:31:06 Error: [MissingViewException] View file "/home/hbku/www/app/View/Pages/clear_all_cache.ctp" is missing.
#0 /home/hbku/www/lib/Cake/View/View.php(473): View->_getViewFileName(NULL)
#1 /home/hbku/www/lib/Cake/Controller/Controller.php(956): View->render(NULL, NULL)
#2 /home/hbku/www/lib/Cake/Routing/Dispatcher.php(193): Controller->render()
#3 /home/hbku/www/lib/Cake/Routing/Dispatcher.php(161): Dispatcher->_invoke(Object(PagesController), Object(CakeRequest), Object(CakeResponse))
#4 /home/hbku/www/app/webroot/index.php(92): Dispatcher->dispatch(Object(CakeRequest), Object(CakeResponse))
#5 {main}
2014-05-07 15:31:07 Error: [MissingViewException] View file "/home/hbku/www/app/View/Pages/clear_all_cache.ctp" is missing.
#0 /home/hbku/www/lib/Cake/View/View.php(473): View->_getViewFileName(NULL)
#1 /home/hbku/www/lib/Cake/Controller/Controller.php(956): View->render(NULL, NULL)
#2 /home/hbku/www/lib/Cake/Routing/Dispatcher.php(193): Controller->render()
#3 /home/hbku/www/lib/Cake/Routing/Dispatcher.php(161): Dispatcher->_invoke(Object(PagesController), Object(CakeRequest), Object(CakeResponse))
#4 /home/hbku/www/app/webroot/index.php(92): Dispatcher->dispatch(Object(CakeRequest), Object(CakeResponse))
#5 {main}
2014-05-07 15:31:07 Error: [MissingViewException] View file "/home/hbku/www/app/View/Pages/clear_all_cache.ctp" is missing.
#0 /home/hbku/www/lib/Cake/View/View.php(473): View->_getViewFileName(NULL)
#1 /home/hbku/www/lib/Cake/Controller/Controller.php(956): View->render(NULL, NULL)
#2 /home/hbku/www/lib/Cake/Routing/Dispatcher.php(193): Controller->render()
#3 /home/hbku/www/lib/Cake/Routing/Dispatcher.php(161): Dispatcher->_invoke(Object(PagesController), Object(CakeRequest), Object(CakeResponse))
#4 /home/hbku/www/app/webroot/index.php(92): Dispatcher->dispatch(Object(CakeRequest), Object(CakeResponse))
#5 {main}
2014-05-07 15:31:07 Error: [MissingViewException] View file "/home/hbku/www/app/View/Pages/clear_all_cache.ctp" is missing.
#0 /home/hbku/www/lib/Cake/View/View.php(473): View->_getViewFileName(NULL)
#1 /home/hbku/www/lib/Cake/Controller/Controller.php(956): View->render(NULL, NULL)
#2 /home/hbku/www/lib/Cake/Routing/Dispatcher.php(193): Controller->render()
#3 /home/hbku/www/lib/Cake/Routing/Dispatcher.php(161): Dispatcher->_invoke(Object(PagesController), Object(CakeRequest), Object(CakeResponse))
#4 /home/hbku/www/app/webroot/index.php(92): Dispatcher->dispatch(Object(CakeRequest), Object(CakeResponse))
#5 {main}
2014-05-07 15:31:07 Error: [MissingViewException] View file "/home/hbku/www/app/View/Pages/clear_all_cache.ctp" is missing.
#0 /home/hbku/www/lib/Cake/View/View.php(473): View->_getViewFileName(NULL)
#1 /home/hbku/www/lib/Cake/Controller/Controller.php(956): View->render(NULL, NULL)
#2 /home/hbku/www/lib/Cake/Routing/Dispatcher.php(193): Controller->render()
#3 /home/hbku/www/lib/Cake/Routing/Dispatcher.php(161): Dispatcher->_invoke(Object(PagesController), Object(CakeRequest), Object(CakeResponse))
#4 /home/hbku/www/app/webroot/index.php(92): Dispatcher->dispatch(Object(CakeRequest), Object(CakeResponse))
#5 {main}
2014-05-07 15:31:07 Error: [MissingViewException] View file "/home/hbku/www/app/View/Pages/clear_all_cache.ctp" is missing.
#0 /home/hbku/www/lib/Cake/View/View.php(473): View->_getViewFileName(NULL)
#1 /home/hbku/www/lib/Cake/Controller/Controller.php(956): View->render(NULL, NULL)
#2 /home/hbku/www/lib/Cake/Routing/Dispatcher.php(193): Controller->render()
#3 /home/hbku/www/lib/Cake/Routing/Dispatcher.php(161): Dispatcher->_invoke(Object(PagesController), Object(CakeRequest), Object(CakeResponse))
#4 /home/hbku/www/app/webroot/index.php(92): Dispatcher->dispatch(Object(CakeRequest), Object(CakeResponse))
#5 {main}
2014-05-07 15:31:07 Error: [MissingViewException] View file "/home/hbku/www/app/View/Pages/clear_all_cache.ctp" is missing.
#0 /home/hbku/www/lib/Cake/View/View.php(473): View->_getViewFileName(NULL)
#1 /home/hbku/www/lib/Cake/Controller/Controller.php(956): View->render(NULL, NULL)
#2 /home/hbku/www/lib/Cake/Routing/Dispatcher.php(193): Controller->render()
#3 /home/hbku/www/lib/Cake/Routing/Dispatcher.php(161): Dispatcher->_invoke(Object(PagesController), Object(CakeRequest), Object(CakeResponse))
#4 /home/hbku/www/app/webroot/index.php(92): Dispatcher->dispatch(Object(CakeRequest), Object(CakeResponse))
#5 {main}
2014-05-07 15:31:07 Error: [MissingViewException] View file "/home/hbku/www/app/View/Pages/clear_all_cache.ctp" is missing.
#0 /home/hbku/www/lib/Cake/View/View.php(473): View->_getViewFileName(NULL)
#1 /home/hbku/www/lib/Cake/Controller/Controller.php(956): View->render(NULL, NULL)
#2 /home/hbku/www/lib/Cake/Routing/Dispatcher.php(193): Controller->render()
#3 /home/hbku/www/lib/Cake/Routing/Dispatcher.php(161): Dispatcher->_invoke(Object(PagesController), Object(CakeRequest), Object(CakeResponse))
#4 /home/hbku/www/app/webroot/index.php(92): Dispatcher->dispatch(Object(CakeRequest), Object(CakeResponse))
#5 {main}
2014-05-07 15:31:07 Error: [MissingViewException] View file "/home/hbku/www/app/View/Pages/clear_all_cache.ctp" is missing.
#0 /home/hbku/www/lib/Cake/View/View.php(473): View->_getViewFileName(NULL)
#1 /home/hbku/www/lib/Cake/Controller/Controller.php(956): View->render(NULL, NULL)
#2 /home/hbku/www/lib/Cake/Routing/Dispatcher.php(193): Controller->render()
#3 /home/hbku/www/lib/Cake/Routing/Dispatcher.php(161): Dispatcher->_invoke(Object(PagesController), Object(CakeRequest), Object(CakeResponse))
#4 /home/hbku/www/app/webroot/index.php(92): Dispatcher->dispatch(Object(CakeRequest), Object(CakeResponse))
#5 {main}
2014-05-07 15:31:08 Error: [MissingViewException] View file "/home/hbku/www/app/View/Pages/clear_all_cache.ctp" is missing.
#0 /home/hbku/www/lib/Cake/View/View.php(473): View->_getViewFileName(NULL)
#1 /home/hbku/www/lib/Cake/Controller/Controller.php(956): View->render(NULL, NULL)
#2 /home/hbku/www/lib/Cake/Routing/Dispatcher.php(193): Controller->render()
#3 /home/hbku/www/lib/Cake/Routing/Dispatcher.php(161): Dispatcher->_invoke(Object(PagesController), Object(CakeRequest), Object(CakeResponse))
#4 /home/hbku/www/app/webroot/index.php(92): Dispatcher->dispatch(Object(CakeRequest), Object(CakeResponse))
#5 {main}
2014-05-07 15:31:08 Error: [MissingViewException] View file "/home/hbku/www/app/View/Pages/clear_all_cache.ctp" is missing.
#0 /home/hbku/www/lib/Cake/View/View.php(473): View->_getViewFileName(NULL)
#1 /home/hbku/www/lib/Cake/Controller/Controller.php(956): View->render(NULL, NULL)
#2 /home/hbku/www/lib/Cake/Routing/Dispatcher.php(193): Controller->render()
#3 /home/hbku/www/lib/Cake/Routing/Dispatcher.php(161): Dispatcher->_invoke(Object(PagesController), Object(CakeRequest), Object(CakeResponse))
#4 /home/hbku/www/app/webroot/index.php(92): Dispatcher->dispatch(Object(CakeRequest), Object(CakeResponse))
#5 {main}
2014-05-07 15:31:08 Error: [MissingViewException] View file "/home/hbku/www/app/View/Pages/clear_all_cache.ctp" is missing.
#0 /home/hbku/www/lib/Cake/View/View.php(473): View->_getViewFileName(NULL)
#1 /home/hbku/www/lib/Cake/Controller/Controller.php(956): View->render(NULL, NULL)
#2 /home/hbku/www/lib/Cake/Routing/Dispatcher.php(193): Controller->render()
#3 /home/hbku/www/lib/Cake/Routing/Dispatcher.php(161): Dispatcher->_invoke(Object(PagesController), Object(CakeRequest), Object(CakeResponse))
#4 /home/hbku/www/app/webroot/index.php(92): Dispatcher->dispatch(Object(CakeRequest), Object(CakeResponse))
#5 {main}
2014-05-07 15:38:33 Logins/052014/logs: Login successfull using username: 'admin' from IP: 192.168.0.88
2014-05-07 15:42:36 Error: [MissingControllerException] Controller class Favicon.icoController could not be found.
#0 /home/hbku/www/app/webroot/index.php(92): Dispatcher->dispatch(Object(CakeRequest), Object(CakeResponse))
#1 {main}
2014-05-07 15:42:51 Error: [MissingControllerException] Controller class Favicon.icoController could not be found.
#0 /home/hbku/www/app/webroot/index.php(92): Dispatcher->dispatch(Object(CakeRequest), Object(CakeResponse))
#1 {main}
2014-05-07 15:45:12 Error: [MissingControllerException] Controller class Favicon.icoController could not be found.
#0 /home/hbku/www/app/webroot/index.php(92): Dispatcher->dispatch(Object(CakeRequest), Object(CakeResponse))
#1 {main}
2014-05-08 14:46:11 Error: [MissingControllerException] Controller class Favicon.icoController could not be found.
#0 /home/hbku/www/app/webroot/index.php(92): Dispatcher->dispatch(Object(CakeRequest), Object(CakeResponse))
#1 {main}
2014-05-08 14:46:12 Error: [MissingControllerException] Controller class Favicon.icoController could not be found.
#0 /home/hbku/www/app/webroot/index.php(92): Dispatcher->dispatch(Object(CakeRequest), Object(CakeResponse))
#1 {main}
2014-05-08 14:46:15 Error: [MissingControllerException] Controller class ImgController could not be found.
#0 /home/hbku/www/app/webroot/index.php(92): Dispatcher->dispatch(Object(CakeRequest), Object(CakeResponse))
#1 {main}
2014-05-08 14:46:15 Error: [MissingControllerException] Controller class ImgController could not be found.
#0 /home/hbku/www/app/webroot/index.php(92): Dispatcher->dispatch(Object(CakeRequest), Object(CakeResponse))
#1 {main}
2014-05-08 14:46:20 Logins/052014/logs: Login successfull using username: 'admin' from IP: 192.168.0.88
2014-05-08 15:39:17 Error: [MissingControllerException] Controller class Controller could not be found.
#0 /home/hbku/www/app/webroot/index.php(92): Dispatcher->dispatch(Object(CakeRequest), Object(CakeResponse))
#1 {main}
2014-05-08 15:39:18 Error: [MissingControllerException] Controller class Controller could not be found.
#0 /home/hbku/www/app/webroot/index.php(92): Dispatcher->dispatch(Object(CakeRequest), Object(CakeResponse))
#1 {main}
2014-05-08 15:39:31 Error: [MissingControllerException] Controller class Controller could not be found.
#0 /home/hbku/www/app/webroot/index.php(92): Dispatcher->dispatch(Object(CakeRequest), Object(CakeResponse))
#1 {main}
2014-05-08 15:39:31 Error: [MissingControllerException] Controller class Controller could not be found.
#0 /home/hbku/www/app/webroot/index.php(92): Dispatcher->dispatch(Object(CakeRequest), Object(CakeResponse))
#1 {main}
2014-05-08 15:40:05 Error: [MissingControllerException] Controller class Controller could not be found.
#0 /home/hbku/www/app/webroot/index.php(92): Dispatcher->dispatch(Object(CakeRequest), Object(CakeResponse))
#1 {main}
2014-05-08 15:40:06 Error: [MissingControllerException] Controller class Controller could not be found.
#0 /home/hbku/www/app/webroot/index.php(92): Dispatcher->dispatch(Object(CakeRequest), Object(CakeResponse))
#1 {main}
2014-05-08 15:50:37 Error: [MissingControllerException] Controller class FilesController could not be found.
#0 /home/hbku/www/app/webroot/index.php(92): Dispatcher->dispatch(Object(CakeRequest), Object(CakeResponse))
#1 {main}
2014-05-08 15:51:13 Error: [MissingControllerException] Controller class FilesController could not be found.
#0 /home/hbku/www/app/webroot/index.php(92): Dispatcher->dispatch(Object(CakeRequest), Object(CakeResponse))
#1 {main}
2014-05-08 16:01:51 Logins/052014/logs: Login successfull using username: 'admin' from IP: 192.168.0.88
2014-05-08 16:26:57 Error: [MissingControllerException] Controller class FilesController could not be found.
#0 /home/hbku/www/app/webroot/index.php(92): Dispatcher->dispatch(Object(CakeRequest), Object(CakeResponse))
#1 {main}
2014-05-08 16:26:58 Error: [MissingControllerException] Controller class FilesController could not be found.
#0 /home/hbku/www/app/webroot/index.php(92): Dispatcher->dispatch(Object(CakeRequest), Object(CakeResponse))
#1 {main}
2014-05-08 16:54:58 Error: [MissingControllerException] Controller class WebrootController could not be found.
#0 /home/hbku/www/app/webroot/index.php(92): Dispatcher->dispatch(Object(CakeRequest), Object(CakeResponse))
#1 {main}
2014-05-08 16:55:08 Error: [MissingControllerException] Controller class IconsController could not be found.
#0 /home/hbku/www/app/webroot/index.php(92): Dispatcher->dispatch(Object(CakeRequest), Object(CakeResponse))
#1 {main}
2014-05-08 16:55:08 Error: [MissingControllerException] Controller class IconsController could not be found.
#0 /home/hbku/www/app/webroot/index.php(92): Dispatcher->dispatch(Object(CakeRequest), Object(CakeResponse))
#1 {main}
2014-05-08 16:55:08 Error: [MissingControllerException] Controller class IconsController could not be found.
#0 /home/hbku/www/app/webroot/index.php(92): Dispatcher->dispatch(Object(CakeRequest), Object(CakeResponse))
#1 {main}
2014-05-08 16:55:08 Error: [MissingControllerException] Controller class IconsController could not be found.
#0 /home/hbku/www/app/webroot/index.php(92): Dispatcher->dispatch(Object(CakeRequest), Object(CakeResponse))
#1 {main}
2014-05-08 16:55:08 Error: [MissingControllerException] Controller class IconsController could not be found.
#0 /home/hbku/www/app/webroot/index.php(92): Dispatcher->dispatch(Object(CakeRequest), Object(CakeResponse))
#1 {main}
2014-05-08 16:57:02 Error: [MissingActionException] Action AppController::webroot() could not be found.
#0 /home/hbku/www/lib/Cake/Routing/Dispatcher.php(186): Controller->invokeAction(Object(CakeRequest))
#1 /home/hbku/www/lib/Cake/Routing/Dispatcher.php(161): Dispatcher->_invoke(Object(AppController), Object(CakeRequest), Object(CakeResponse))
#2 /home/hbku/www/app/webroot/index.php(92): Dispatcher->dispatch(Object(CakeRequest), Object(CakeResponse))
#3 {main}
2014-05-08 16:57:04 Error: [MissingActionException] Action AppController::webroot() could not be found.
#0 /home/hbku/www/lib/Cake/Routing/Dispatcher.php(186): Controller->invokeAction(Object(CakeRequest))
#1 /home/hbku/www/lib/Cake/Routing/Dispatcher.php(161): Dispatcher->_invoke(Object(AppController), Object(CakeRequest), Object(CakeResponse))
#2 /home/hbku/www/app/webroot/index.php(92): Dispatcher->dispatch(Object(CakeRequest), Object(CakeResponse))
#3 {main}
2014-05-08 16:57:14 Error: [MissingControllerException] Controller class JsController could not be found.
#0 /home/hbku/www/app/webroot/index.php(92): Dispatcher->dispatch(Object(CakeRequest), Object(CakeResponse))
#1 {main}
2014-05-08 16:59:38 Error: [MissingControllerException] Controller class FilesController could not be found.
#0 /home/hbku/www/app/webroot/index.php(92): Dispatcher->dispatch(Object(CakeRequest), Object(CakeResponse))
#1 {main}
2014-05-08 17:00:57 Error: [MissingControllerException] Controller class FilesController could not be found.
#0 /home/hbku/www/app/webroot/index.php(92): Dispatcher->dispatch(Object(CakeRequest), Object(CakeResponse))
#1 {main}
2014-05-08 17:01:50 Error: [MissingControllerException] Controller class FilesController could not be found.
#0 /home/hbku/www/app/webroot/index.php(92): Dispatcher->dispatch(Object(CakeRequest), Object(CakeResponse))
#1 {main}
2014-05-08 17:02:59 Error: [MissingControllerException] Controller class FilesController could not be found.
#0 /home/hbku/www/app/webroot/index.php(92): Dispatcher->dispatch(Object(CakeRequest), Object(CakeResponse))
#1 {main}
2014-05-08 17:02:59 Error: [MissingControllerException] Controller class FilesController could not be found.
#0 /home/hbku/www/app/webroot/index.php(92): Dispatcher->dispatch(Object(CakeRequest), Object(CakeResponse))
#1 {main}
2014-05-08 17:03:08 Error: [MissingControllerException] Controller class FilesController could not be found.
#0 /home/hbku/www/app/webroot/index.php(92): Dispatcher->dispatch(Object(CakeRequest), Object(CakeResponse))
#1 {main}
2014-05-08 17:17:39 Error: [MissingActionException] Action AppController::webroot() could not be found.
#0 /home/hbku/www/lib/Cake/Routing/Dispatcher.php(186): Controller->invokeAction(Object(CakeRequest))
#1 /home/hbku/www/lib/Cake/Routing/Dispatcher.php(161): Dispatcher->_invoke(Object(AppController), Object(CakeRequest), Object(CakeResponse))
#2 /home/hbku/www/app/webroot/index.php(92): Dispatcher->dispatch(Object(CakeRequest), Object(CakeResponse))
#3 {main}
2014-05-08 17:17:44 Error: [MissingActionException] Action AppController::webroot() could not be found.
#0 /home/hbku/www/lib/Cake/Routing/Dispatcher.php(186): Controller->invokeAction(Object(CakeRequest))
#1 /home/hbku/www/lib/Cake/Routing/Dispatcher.php(161): Dispatcher->_invoke(Object(AppController), Object(CakeRequest), Object(CakeResponse))
#2 /home/hbku/www/app/webroot/index.php(92): Dispatcher->dispatch(Object(CakeRequest), Object(CakeResponse))
#3 {main}
2014-05-08 17:18:01 Error: [MissingControllerException] Controller class IconsController could not be found.
#0 /home/hbku/www/app/webroot/index.php(92): Dispatcher->dispatch(Object(CakeRequest), Object(CakeResponse))
#1 {main}
2014-05-08 17:18:01 Error: [MissingControllerException] Controller class IconsController could not be found.
#0 /home/hbku/www/app/webroot/index.php(92): Dispatcher->dispatch(Object(CakeRequest), Object(CakeResponse))
#1 {main}
2014-05-08 17:18:01 Error: [MissingControllerException] Controller class IconsController could not be found.
#0 /home/hbku/www/app/webroot/index.php(92): Dispatcher->dispatch(Object(CakeRequest), Object(CakeResponse))
#1 {main}
2014-05-08 17:18:01 Error: [MissingControllerException] Controller class IconsController could not be found.
#0 /home/hbku/www/app/webroot/index.php(92): Dispatcher->dispatch(Object(CakeRequest), Object(CakeResponse))
#1 {main}
2014-05-08 17:18:01 Error: [MissingControllerException] Controller class IconsController could not be found.
#0 /home/hbku/www/app/webroot/index.php(92): Dispatcher->dispatch(Object(CakeRequest), Object(CakeResponse))
#1 {main}
2014-05-08 17:24:21 Error: [MissingControllerException] Controller class Favicon.icoController could not be found.
#0 /home/hbku/www/app/webroot/index.php(92): Dispatcher->dispatch(Object(CakeRequest), Object(CakeResponse))
#1 {main}
2014-05-08 17:24:22 Error: [MissingControllerException] Controller class Favicon.icoController could not be found.
#0 /home/hbku/www/app/webroot/index.php(92): Dispatcher->dispatch(Object(CakeRequest), Object(CakeResponse))
#1 {main}
2014-05-08 17:36:35 Error: [MissingControllerException] Controller class Controller could not be found.
#0 /home/hbku/www/app/webroot/index.php(92): Dispatcher->dispatch(Object(CakeRequest), Object(CakeResponse))
#1 {main}
2014-05-08 17:41:25 Error: [MissingControllerException] Controller class :langController could not be found.
#0 /home/hbku/www/app/webroot/index.php(92): Dispatcher->dispatch(Object(CakeRequest), Object(CakeResponse))
#1 {main}
2014-05-08 17:44:37 Error: [MissingControllerException] Controller class GatewayController could not be found.
#0 /home/hbku/www/app/webroot/index.php(92): Dispatcher->dispatch(Object(CakeRequest), Object(CakeResponse))
#1 {main}
2014-05-08 17:45:02 Error: [MissingControllerException] Controller class GatewayController could not be found.
#0 /home/hbku/www/app/webroot/index.php(92): Dispatcher->dispatch(Object(CakeRequest), Object(CakeResponse))
#1 {main}
2014-05-08 17:45:16 Error: [MissingControllerException] Controller class GatewayController could not be found.
#0 /home/hbku/www/app/webroot/index.php(92): Dispatcher->dispatch(Object(CakeRequest), Object(CakeResponse))
#1 {main}
2014-05-08 17:46:15 Error: [MissingControllerException] Controller class DisplayController could not be found.
#0 /home/hbku/www/app/webroot/index.php(92): Dispatcher->dispatch(Object(CakeRequest), Object(CakeResponse))
#1 {main}
2014-05-08 17:50:30 Error: [MissingControllerException] Controller class Favicon.icoController could not be found.
#0 /home/hbku/www/app/webroot/index.php(92): Dispatcher->dispatch(Object(CakeRequest), Object(CakeResponse))
#1 {main}
2014-05-08 17:50:30 Error: [MissingControllerException] Controller class Favicon.icoController could not be found.
#0 /home/hbku/www/app/webroot/index.php(92): Dispatcher->dispatch(Object(CakeRequest), Object(CakeResponse))
#1 {main}
2014-05-08 17:52:46 Error: [MissingControllerException] Controller class Controller could not be found.
#0 /home/hbku/www/app/webroot/index.php(92): Dispatcher->dispatch(Object(CakeRequest), Object(CakeResponse))
#1 {main}
2014-05-08 17:52:51 Error: [MissingControllerException] Controller class Controller could not be found.
#0 /home/hbku/www/app/webroot/index.php(92): Dispatcher->dispatch(Object(CakeRequest), Object(CakeResponse))
#1 {main}
2014-05-08 17:52:56 Error: [MissingControllerException] Controller class Controller could not be found.
#0 /home/hbku/www/app/webroot/index.php(92): Dispatcher->dispatch(Object(CakeRequest), Object(CakeResponse))
#1 {main}
2014-05-08 17:54:14 Error: [MissingControllerException] Controller class AdmissionsController could not be found.
#0 /home/hbku/www/app/webroot/index.php(92): Dispatcher->dispatch(Object(CakeRequest), Object(CakeResponse))
#1 {main}
2014-05-08 17:54:18 Error: [MissingControllerException] Controller class Favicon.icoController could not be found.
#0 /home/hbku/www/app/webroot/index.php(92): Dispatcher->dispatch(Object(CakeRequest), Object(CakeResponse))
#1 {main}
2014-05-08 17:54:36 Error: [MissingControllerException] Controller class AdmissionsController could not be found.
#0 /home/hbku/www/app/webroot/index.php(92): Dispatcher->dispatch(Object(CakeRequest), Object(CakeResponse))
#1 {main}
2014-05-08 17:55:04 Error: [MissingControllerException] Controller class AdmissionsController could not be found.
#0 /home/hbku/www/app/webroot/index.php(92): Dispatcher->dispatch(Object(CakeRequest), Object(CakeResponse))
#1 {main}
2014-05-08 17:55:20 Error: [MissingControllerException] Controller class AdmissionsController could not be found.
#0 /home/hbku/www/app/webroot/index.php(92): Dispatcher->dispatch(Object(CakeRequest), Object(CakeResponse))
#1 {main}
2014-05-08 17:55:36 Error: [MissingControllerException] Controller class AdmissionsController could not be found.
#0 /home/hbku/www/app/webroot/index.php(92): Dispatcher->dispatch(Object(CakeRequest), Object(CakeResponse))
#1 {main}
2014-05-08 17:55:47 Error: [MissingControllerException] Controller class AdmissionsController could not be found.
#0 /home/hbku/www/app/webroot/index.php(92): Dispatcher->dispatch(Object(CakeRequest), Object(CakeResponse))
#1 {main}
2014-05-08 17:55:50 Error: [MissingControllerException] Controller class AdmissionsController could not be found.
#0 /home/hbku/www/app/webroot/index.php(92): Dispatcher->dispatch(Object(CakeRequest), Object(CakeResponse))
#1 {main}
2014-05-08 18:13:25 Error: [MissingViewException] View file "/home/hbku/www/app/View/DynamicPages/clear_cach.ctp" is missing.
#0 /home/hbku/www/lib/Cake/View/View.php(473): View->_getViewFileName(NULL)
#1 /home/hbku/www/lib/Cake/Controller/Controller.php(956): View->render(NULL, NULL)
#2 /home/hbku/www/lib/Cake/Routing/Dispatcher.php(193): Controller->render()
#3 /home/hbku/www/lib/Cake/Routing/Dispatcher.php(161): Dispatcher->_invoke(Object(DynamicPagesController), Object(CakeRequest), Object(CakeResponse))
#4 /home/hbku/www/app/webroot/index.php(92): Dispatcher->dispatch(Object(CakeRequest), Object(CakeResponse))
#5 {main}
2014-05-08 19:42:35 Error: [MissingControllerException] Controller class Robots.txtController could not be found.
#0 /home/hbku/www/app/webroot/index.php(92): Dispatcher->dispatch(Object(CakeRequest), Object(CakeResponse))
#1 {main}
2014-05-08 19:42:36 Error: [MissingControllerException] Controller class Robots.txtController could not be found.
#0 /home/hbku/www/app/webroot/index.php(92): Dispatcher->dispatch(Object(CakeRequest), Object(CakeResponse))
#1 {main}
2014-05-08 19:42:36 Error: [MissingControllerException] Controller class Favicon.icoController could not be found.
#0 /home/hbku/www/app/webroot/index.php(92): Dispatcher->dispatch(Object(CakeRequest), Object(CakeResponse))
#1 {main}
2014-05-08 19:42:36 Error: [MissingControllerException] Controller class Favicon.icoController could not be found.
#0 /home/hbku/www/app/webroot/index.php(92): Dispatcher->dispatch(Object(CakeRequest), Object(CakeResponse))
#1 {main}
2014-05-08 19:43:51 Error: [MissingControllerException] Controller class Robots.txtController could not be found.
#0 /home/hbku/www/app/webroot/index.php(92): Dispatcher->dispatch(Object(CakeRequest), Object(CakeResponse))
#1 {main}
2014-05-09 09:24:48 Error: [MissingControllerException] Controller class Favicon.icoController could not be found.
#0 /home/hbku/www/app/webroot/index.php(92): Dispatcher->dispatch(Object(CakeRequest), Object(CakeResponse))
#1 {main}
2014-05-09 09:24:48 Error: [MissingControllerException] Controller class Favicon.icoController could not be found.
#0 /home/hbku/www/app/webroot/index.php(92): Dispatcher->dispatch(Object(CakeRequest), Object(CakeResponse))
#1 {main}
2014-05-09 09:25:39 Error: [MissingControllerException] Controller class Favicon.icoController could not be found.
#0 /home/hbku/www/app/webroot/index.php(92): Dispatcher->dispatch(Object(CakeRequest), Object(CakeResponse))
#1 {main}
2014-05-09 09:31:22 Error: [MissingControllerException] Controller class Favicon.icoController could not be found.
#0 /home/hbku/www/app/webroot/index.php(92): Dispatcher->dispatch(Object(CakeRequest), Object(CakeResponse))
#1 {main}
2014-05-09 09:45:19 Error: [MissingControllerException] Controller class Favicon.icoController could not be found.
#0 /home/hbku/www/app/webroot/index.php(92): Dispatcher->dispatch(Object(CakeRequest), Object(CakeResponse))
#1 {main}
2014-05-09 09:54:01 Error: [MissingControllerException] Controller class ImgController could not be found.
#0 /home/hbku/www/app/webroot/index.php(92): Dispatcher->dispatch(Object(CakeRequest), Object(CakeResponse))
#1 {main}
2014-05-09 09:54:02 Error: [MissingControllerException] Controller class ImgController could not be found.
#0 /home/hbku/www/app/webroot/index.php(92): Dispatcher->dispatch(Object(CakeRequest), Object(CakeResponse))
#1 {main}
2014-05-09 09:54:11 Logins/052014/logs: Login successfull using username: 'admin' from IP: 192.168.0.88
2014-05-09 09:59:22 Logins/052014/logs: Login successfull using username: 'admin' from IP: 192.168.0.88
2014-05-19 13:59:34 Error: [MissingControllerException] Controller class ImgController could not be found.
#0 /home/hbku/www/app/webroot/index.php(92): Dispatcher->dispatch(Object(CakeRequest), Object(CakeResponse))
#1 {main}
2014-05-19 13:59:36 Error: [MissingControllerException] Controller class ImgController could not be found.
#0 /home/hbku/www/app/webroot/index.php(92): Dispatcher->dispatch(Object(CakeRequest), Object(CakeResponse))
#1 {main}
2014-05-19 13:59:38 Logins/052014/logs: Login successfull using username: 'admin' from IP: 192.168.0.88
2014-05-19 13:59:39 Error: [MissingControllerException] Controller class Favicon.icoController could not be found.
#0 /home/hbku/www/app/webroot/index.php(92): Dispatcher->dispatch(Object(CakeRequest), Object(CakeResponse))
#1 {main}
2014-05-19 13:59:40 Error: [MissingControllerException] Controller class Favicon.icoController could not be found.
#0 /home/hbku/www/app/webroot/index.php(92): Dispatcher->dispatch(Object(CakeRequest), Object(CakeResponse))
#1 {main}
2014-05-22 14:21:57 Error: [MissingControllerException] Controller class Favicon.icoController could not be found.
#0 /home/hbku/www/app/webroot/index.php(92): Dispatcher->dispatch(Object(CakeRequest), Object(CakeResponse))
#1 {main}
2014-05-22 14:21:58 Error: [MissingControllerException] Controller class Favicon.icoController could not be found.
#0 /home/hbku/www/app/webroot/index.php(92): Dispatcher->dispatch(Object(CakeRequest), Object(CakeResponse))
#1 {main}
2014-05-22 14:23:59 Error: [MissingControllerException] Controller class ImgController could not be found.
#0 /home/hbku/www/app/webroot/index.php(92): Dispatcher->dispatch(Object(CakeRequest), Object(CakeResponse))
#1 {main}
2014-05-22 14:24:01 Error: [MissingControllerException] Controller class ImgController could not be found.
#0 /home/hbku/www/app/webroot/index.php(92): Dispatcher->dispatch(Object(CakeRequest), Object(CakeResponse))
#1 {main}
2014-05-22 14:24:01 Logins/052014/logs: Login successfull using username: 'admin' from IP: 192.168.0.88
2014-05-22 15:08:07 Error: [MissingControllerException] Controller class Favicon.icoController could not be found.
#0 /home/hbku/www/app/webroot/index.php(92): Dispatcher->dispatch(Object(CakeRequest), Object(CakeResponse))
#1 {main}
2014-05-22 15:08:07 Error: [MissingControllerException] Controller class Favicon.icoController could not be found.
#0 /home/hbku/www/app/webroot/index.php(92): Dispatcher->dispatch(Object(CakeRequest), Object(CakeResponse))
#1 {main}
2014-05-22 16:19:03 Error: [MissingControllerException] Controller class FilesController could not be found.
#0 /home/hbku/www/app/webroot/index.php(92): Dispatcher->dispatch(Object(CakeRequest), Object(CakeResponse))
#1 {main}
2014-05-22 16:19:03 Error: [MissingControllerException] Controller class FilesController could not be found.
#0 /home/hbku/www/app/webroot/index.php(92): Dispatcher->dispatch(Object(CakeRequest), Object(CakeResponse))
#1 {main}
2014-05-22 16:19:03 Error: [MissingControllerException] Controller class FilesController could not be found.
#0 /home/hbku/www/app/webroot/index.php(92): Dispatcher->dispatch(Object(CakeRequest), Object(CakeResponse))
#1 {main}
2014-05-22 16:19:04 Error: [MissingControllerException] Controller class FilesController could not be found.
#0 /home/hbku/www/app/webroot/index.php(92): Dispatcher->dispatch(Object(CakeRequest), Object(CakeResponse))
#1 {main}
2014-05-22 16:19:04 Error: [MissingControllerException] Controller class FilesController could not be found.
#0 /home/hbku/www/app/webroot/index.php(92): Dispatcher->dispatch(Object(CakeRequest), Object(CakeResponse))
#1 {main}
2014-05-22 16:19:04 Error: [MissingControllerException] Controller class FilesController could not be found.
#0 /home/hbku/www/app/webroot/index.php(92): Dispatcher->dispatch(Object(CakeRequest), Object(CakeResponse))
#1 {main}
2014-05-26 08:27:31 Error: [MissingControllerException] Controller class Favicon.icoController could not be found.
#0 /home/hbku/www/app/webroot/index.php(92): Dispatcher->dispatch(Object(CakeRequest), Object(CakeResponse))
#1 {main}
2014-05-26 08:27:32 Error: [MissingControllerException] Controller class Favicon.icoController could not be found.
#0 /home/hbku/www/app/webroot/index.php(92): Dispatcher->dispatch(Object(CakeRequest), Object(CakeResponse))
#1 {main}
2014-05-26 09:58:47 Error: [MissingControllerException] Controller class Favicon.icoController could not be found.
#0 /home/hbku/www/app/webroot/index.php(92): Dispatcher->dispatch(Object(CakeRequest), Object(CakeResponse))
#1 {main}
2014-05-26 09:58:47 Error: [MissingControllerException] Controller class Favicon.icoController could not be found.
#0 /home/hbku/www/app/webroot/index.php(92): Dispatcher->dispatch(Object(CakeRequest), Object(CakeResponse))
#1 {main}
2014-05-29 09:37:47 Error: [MissingControllerException] Controller class ImgController could not be found.
#0 /home/hbku/www/app/webroot/index.php(92): Dispatcher->dispatch(Object(CakeRequest), Object(CakeResponse))
#1 {main}
2014-05-29 09:37:48 Error: [MissingControllerException] Controller class ImgController could not be found.
#0 /home/hbku/www/app/webroot/index.php(92): Dispatcher->dispatch(Object(CakeRequest), Object(CakeResponse))
#1 {main}
2014-05-29 09:37:52 Logins/052014/logs: Login successfull using username: 'admin' from IP: 192.168.0.88
2014-05-29 16:39:34 Logins/052014/logs: Login successfull using username: 'admin' from IP: 192.168.0.88
