2013-11-01 09:37:30 Error: [MissingControllerException] Controller class Favicon.icoController could not be found.
#0 /home/hbku/www/app/webroot/index.php(92): Dispatcher->dispatch(Object(CakeRequest), Object(CakeResponse))
#1 {main}
2013-11-01 14:21:21 Error: [MissingControllerException] Controller class Favicon.icoController could not be found.
#0 /home/hbku/www/app/webroot/index.php(92): Dispatcher->dispatch(Object(CakeRequest), Object(CakeResponse))
#1 {main}
2013-11-01 14:21:21 Error: [MissingControllerException] Controller class Favicon.icoController could not be found.
#0 /home/hbku/www/app/webroot/index.php(92): Dispatcher->dispatch(Object(CakeRequest), Object(CakeResponse))
#1 {main}
2013-11-01 14:26:04 Error: [MissingControllerException] Controller class ImgController could not be found.
#0 /home/hbku/www/app/webroot/index.php(92): Dispatcher->dispatch(Object(CakeRequest), Object(CakeResponse))
#1 {main}
2013-11-01 14:26:05 Error: [MissingControllerException] Controller class ImgController could not be found.
#0 /home/hbku/www/app/webroot/index.php(92): Dispatcher->dispatch(Object(CakeRequest), Object(CakeResponse))
#1 {main}
2013-11-01 14:26:07 Logins/112013/logs: Login successfull using username: 'admin' from IP: 192.168.0.88
2013-11-01 14:58:30 Logins/112013/logs: Login successfull using username: 'admin' from IP: 192.168.0.88
2013-11-01 17:26:44 Error: [MissingControllerException] Controller class ImgController could not be found.
#0 /home/hbku/www/app/webroot/index.php(92): Dispatcher->dispatch(Object(CakeRequest), Object(CakeResponse))
#1 {main}
2013-11-01 17:26:45 Error: [MissingControllerException] Controller class ImgController could not be found.
#0 /home/hbku/www/app/webroot/index.php(92): Dispatcher->dispatch(Object(CakeRequest), Object(CakeResponse))
#1 {main}
2013-11-01 17:26:50 Logins/112013/logs: Login successfull using username: 'admin' from IP: 192.168.0.94
2013-11-01 18:02:24 Error: [MissingControllerException] Controller class HomeBoxesController could not be found.
#0 /home/hbku/www/app/webroot/index.php(92): Dispatcher->dispatch(Object(CakeRequest), Object(CakeResponse))
#1 {main}
2013-11-01 18:03:19 Error: [PDOException] SQLSTATE[42S22]: Column not found: 1054 Unknown column 'Array' in 'field list'
#0 /home/hbku/www/lib/Cake/Model/Datasource/DboSource.php(459): PDOStatement->execute(Array)
#1 /home/hbku/www/lib/Cake/Model/Datasource/DboSource.php(425): DboSource->_execute('INSERT INTO `hb...', Array)
#2 /home/hbku/www/lib/Cake/Model/Datasource/DboSource.php(1007): DboSource->execute('INSERT INTO `hb...')
#3 /home/hbku/www/lib/Cake/Model/Model.php(1734): DboSource->create(Object(AppModel), Array, Array)
#4 /home/hbku/www/lib/Cake/Model/Model.php(2229): Model->save(Array, Array)
#5 /home/hbku/www/lib/Cake/Model/Model.php(2035): Model->saveAssociated(Array, Array)
#6 /home/hbku/www/app/Controller/HomeBoxesController.php(126): Model->saveAll(Array)
#7 [internal function]: HomeBoxesController->admin_edit_introduction('executive_maste...')
#8 /home/hbku/www/lib/Cake/Controller/Controller.php(485): ReflectionMethod->invokeArgs(Object(HomeBoxesController), Array)
#9 /home/hbku/www/lib/Cake/Routing/Dispatcher.php(186): Controller->invokeAction(Object(CakeRequest))
#10 /home/hbku/www/lib/Cake/Routing/Dispatcher.php(161): Dispatcher->_invoke(Object(HomeBoxesController), Object(CakeRequest), Object(CakeResponse))
#11 /home/hbku/www/app/webroot/index.php(92): Dispatcher->dispatch(Object(CakeRequest), Object(CakeResponse))
#12 {main}
2013-11-01 18:15:13 Logins/112013/logs: Login successfull using username: 'admin' from IP: 192.168.0.88
2013-11-05 08:41:22 Logins/112013/logs: Login successfull using username: 'admin' from IP: 192.168.0.88
2013-11-05 09:49:42 Logins/112013/logs: Login successfull using username: 'admin' from IP: 192.168.0.88
2013-11-05 11:29:09 Logins/112013/logs: Login successfull using username: 'admin' from IP: 192.168.0.88
2013-11-05 13:58:39 Logins/112013/logs: Login successfull using username: 'admin' from IP: 192.168.0.88
2013-11-05 16:05:20 Error: [MissingControllerException] Controller class Favicon.icoController could not be found.
#0 /home/hbku/www/app/webroot/index.php(92): Dispatcher->dispatch(Object(CakeRequest), Object(CakeResponse))
#1 {main}
2013-11-07 11:27:00 Error: [MissingControllerException] Controller class ImgController could not be found.
#0 /home/hbku/www/app/webroot/index.php(92): Dispatcher->dispatch(Object(CakeRequest), Object(CakeResponse))
#1 {main}
2013-11-07 11:27:02 Error: [MissingControllerException] Controller class ImgController could not be found.
#0 /home/hbku/www/app/webroot/index.php(92): Dispatcher->dispatch(Object(CakeRequest), Object(CakeResponse))
#1 {main}
2013-11-07 11:27:07 Logins/112013/logs: Login successfull using username: 'admin' from IP: 192.168.0.88
2013-11-07 11:27:09 Error: [MissingControllerException] Controller class Favicon.icoController could not be found.
#0 /home/hbku/www/app/webroot/index.php(92): Dispatcher->dispatch(Object(CakeRequest), Object(CakeResponse))
#1 {main}
2013-11-07 15:51:35 Logins/112013/logs: Login successfull using username: 'admin' from IP: 192.168.0.88
2013-11-08 09:14:19 Logins/112013/logs: Login successfull using username: 'admin' from IP: 192.168.0.88
2013-11-18 14:22:13 Error: [MissingControllerException] Controller class ImgController could not be found.
#0 /home/hbku/www/app/webroot/index.php(92): Dispatcher->dispatch(Object(CakeRequest), Object(CakeResponse))
#1 {main}
2013-11-18 14:22:14 Error: [MissingControllerException] Controller class ImgController could not be found.
#0 /home/hbku/www/app/webroot/index.php(92): Dispatcher->dispatch(Object(CakeRequest), Object(CakeResponse))
#1 {main}
2013-11-18 14:22:16 Logins/112013/logs: Login successfull using username: 'admin' from IP: 192.168.0.88
2013-11-18 14:22:18 Error: [MissingControllerException] Controller class Favicon.icoController could not be found.
#0 /home/hbku/www/app/webroot/index.php(92): Dispatcher->dispatch(Object(CakeRequest), Object(CakeResponse))
#1 {main}
2013-11-20 15:00:13 Error: [MissingControllerException] Controller class Favicon.icoController could not be found.
#0 /home/hbku/www/app/webroot/index.php(92): Dispatcher->dispatch(Object(CakeRequest), Object(CakeResponse))
#1 {main}
2013-11-21 11:21:27 Error: [MissingControllerException] Controller class ImgController could not be found.
#0 /home/hbku/www/app/webroot/index.php(92): Dispatcher->dispatch(Object(CakeRequest), Object(CakeResponse))
#1 {main}
2013-11-21 11:21:29 Error: [MissingControllerException] Controller class ImgController could not be found.
#0 /home/hbku/www/app/webroot/index.php(92): Dispatcher->dispatch(Object(CakeRequest), Object(CakeResponse))
#1 {main}
2013-11-21 11:21:31 Logins/112013/logs: Login successfull using username: 'admin' from IP: 192.168.0.88
2013-11-21 11:21:33 Error: [MissingControllerException] Controller class Favicon.icoController could not be found.
#0 /home/hbku/www/app/webroot/index.php(92): Dispatcher->dispatch(Object(CakeRequest), Object(CakeResponse))
#1 {main}
2013-11-25 09:56:09 Error: [MissingControllerException] Controller class Favicon.icoController could not be found.
#0 /home/hbku/www/app/webroot/index.php(92): Dispatcher->dispatch(Object(CakeRequest), Object(CakeResponse))
#1 {main}
2013-11-26 10:05:54 Error: [MissingControllerException] Controller class Favicon.icoController could not be found.
#0 /home/hbku/www/app/webroot/index.php(92): Dispatcher->dispatch(Object(CakeRequest), Object(CakeResponse))
#1 {main}
2013-11-26 10:05:54 Error: [MissingControllerException] Controller class Favicon.icoController could not be found.
#0 /home/hbku/www/app/webroot/index.php(92): Dispatcher->dispatch(Object(CakeRequest), Object(CakeResponse))
#1 {main}
2013-11-26 15:15:05 Error: [MissingControllerException] Controller class ImgController could not be found.
#0 /home/hbku/www/app/webroot/index.php(92): Dispatcher->dispatch(Object(CakeRequest), Object(CakeResponse))
#1 {main}
2013-11-26 15:15:06 Error: [MissingControllerException] Controller class ImgController could not be found.
#0 /home/hbku/www/app/webroot/index.php(92): Dispatcher->dispatch(Object(CakeRequest), Object(CakeResponse))
#1 {main}
2013-11-27 13:04:55 Logins/112013/logs: Login successfull using username: 'admin' from IP: 192.168.0.88
2013-11-27 15:05:52 Error: [MissingControllerException] Controller class ImgController could not be found.
#0 /home/hbku/www/app/webroot/index.php(92): Dispatcher->dispatch(Object(CakeRequest), Object(CakeResponse))
#1 {main}
2013-11-27 15:05:54 Error: [MissingControllerException] Controller class ImgController could not be found.
#0 /home/hbku/www/app/webroot/index.php(92): Dispatcher->dispatch(Object(CakeRequest), Object(CakeResponse))
#1 {main}
