2014-09-30 11:47:22 Error: [MissingControllerException] Controller class ImgController could not be found.
#0 /home/hbku/www/app/webroot/index.php(92): Dispatcher->dispatch(Object(CakeRequest), Object(CakeResponse))
#1 {main}
2014-09-30 11:47:23 Error: [MissingControllerException] Controller class ImgController could not be found.
#0 /home/hbku/www/app/webroot/index.php(92): Dispatcher->dispatch(Object(CakeRequest), Object(CakeResponse))
#1 {main}
2014-09-30 11:47:27 Logins/092014/logs: Login successfull using username: 'admin' from IP: 192.168.0.88
2014-09-30 11:47:32 Notice: Notice (8): Undefined variable: parentsList in [/home/hbku/www/app/View/DynamicPages/admin_edit_introduction.ctp, line 15]
Trace:
include - APP/View/DynamicPages/admin_edit_introduction.ctp, line 15
View::_evaluate() - CORE/Cake/View/View.php, line 923
View::_render() - CORE/Cake/View/View.php, line 886
View::render() - CORE/Cake/View/View.php, line 476
Controller::render() - CORE/Cake/Controller/Controller.php, line 956
Dispatcher::_invoke() - CORE/Cake/Routing/Dispatcher.php, line 193
Dispatcher::dispatch() - CORE/Cake/Routing/Dispatcher.php, line 161
[main] - APP/webroot/index.php, line 92

2014-09-30 11:47:32 Notice: Notice (8): Undefined variable: empty in [/home/hbku/www/app/View/DynamicPages/admin_edit_introduction.ctp, line 15]
Trace:
include - APP/View/DynamicPages/admin_edit_introduction.ctp, line 15
View::_evaluate() - CORE/Cake/View/View.php, line 923
View::_render() - CORE/Cake/View/View.php, line 886
View::render() - CORE/Cake/View/View.php, line 476
Controller::render() - CORE/Cake/Controller/Controller.php, line 956
Dispatcher::_invoke() - CORE/Cake/Routing/Dispatcher.php, line 193
Dispatcher::dispatch() - CORE/Cake/Routing/Dispatcher.php, line 161
[main] - APP/webroot/index.php, line 92

2014-09-30 11:49:44 Notice: Notice (8): Undefined variable: parentsList in [/home/hbku/www/app/View/DynamicPages/admin_edit_introduction.ctp, line 15]
Trace:
include - APP/View/DynamicPages/admin_edit_introduction.ctp, line 15
View::_evaluate() - CORE/Cake/View/View.php, line 923
View::_render() - CORE/Cake/View/View.php, line 886
View::render() - CORE/Cake/View/View.php, line 476
Controller::render() - CORE/Cake/Controller/Controller.php, line 956
Dispatcher::_invoke() - CORE/Cake/Routing/Dispatcher.php, line 193
Dispatcher::dispatch() - CORE/Cake/Routing/Dispatcher.php, line 161
[main] - APP/webroot/index.php, line 92

2014-09-30 11:49:44 Notice: Notice (8): Undefined variable: empty in [/home/hbku/www/app/View/DynamicPages/admin_edit_introduction.ctp, line 15]
Trace:
include - APP/View/DynamicPages/admin_edit_introduction.ctp, line 15
View::_evaluate() - CORE/Cake/View/View.php, line 923
View::_render() - CORE/Cake/View/View.php, line 886
View::render() - CORE/Cake/View/View.php, line 476
Controller::render() - CORE/Cake/Controller/Controller.php, line 956
Dispatcher::_invoke() - CORE/Cake/Routing/Dispatcher.php, line 193
Dispatcher::dispatch() - CORE/Cake/Routing/Dispatcher.php, line 161
[main] - APP/webroot/index.php, line 92

2014-09-30 11:50:22 Error: [MissingControllerException] Controller class Favicon.icoController could not be found.
#0 /home/hbku/www/app/webroot/index.php(92): Dispatcher->dispatch(Object(CakeRequest), Object(CakeResponse))
#1 {main}
2014-09-30 11:50:23 Error: [MissingControllerException] Controller class Favicon.icoController could not be found.
#0 /home/hbku/www/app/webroot/index.php(92): Dispatcher->dispatch(Object(CakeRequest), Object(CakeResponse))
#1 {main}
2014-09-30 11:50:23 Error: [MissingControllerException] Controller class Favicon.icoController could not be found.
#0 /home/hbku/www/app/webroot/index.php(92): Dispatcher->dispatch(Object(CakeRequest), Object(CakeResponse))
#1 {main}
2014-09-30 11:50:31 Error: [MissingControllerException] Controller class Favicon.icoController could not be found.
#0 /home/hbku/www/app/webroot/index.php(92): Dispatcher->dispatch(Object(CakeRequest), Object(CakeResponse))
#1 {main}
