2016-01-04 08:14:08 Error: [MissingControllerException] Controller class Favicon.icoController could not be found.
#0 /home/alyousifi/www/app/webroot/index.php(92): Dispatcher->dispatch(Object(CakeRequest), Object(CakeResponse))
#1 {main}
2016-01-04 08:14:10 Error: [MissingControllerException] Controller class Apple-touch-icon-precomposed.pngController could not be found.
#0 /home/alyousifi/www/app/webroot/index.php(92): Dispatcher->dispatch(Object(CakeRequest), Object(CakeResponse))
#1 {main}
2016-01-04 08:14:11 Error: [MissingControllerException] Controller class Apple-touch-icon.pngController could not be found.
#0 /home/alyousifi/www/app/webroot/index.php(92): Dispatcher->dispatch(Object(CakeRequest), Object(CakeResponse))
#1 {main}
2016-01-11 11:25:46 Error: [MissingControllerException] Controller class Favicon.icoController could not be found.
#0 /home/alyousifi/www/app/webroot/index.php(92): Dispatcher->dispatch(Object(CakeRequest), Object(CakeResponse))
#1 {main}
2016-01-13 09:36:54 Error: [MissingControllerException] Controller class Favicon.icoController could not be found.
#0 /home/alyousifi/www/app/webroot/index.php(92): Dispatcher->dispatch(Object(CakeRequest), Object(CakeResponse))
#1 {main}
2016-01-13 10:00:44 Error: [MissingControllerException] Controller class Favicon.icoController could not be found.
#0 /home/alyousifi/www/app/webroot/index.php(92): Dispatcher->dispatch(Object(CakeRequest), Object(CakeResponse))
#1 {main}
2016-01-13 10:01:51 Error: [MissingControllerException] Controller class Favicon.icoController could not be found.
#0 /home/alyousifi/www/app/webroot/index.php(92): Dispatcher->dispatch(Object(CakeRequest), Object(CakeResponse))
#1 {main}
2016-01-13 10:02:31 Error: [MissingControllerException] Controller class FilesController could not be found.
#0 /home/alyousifi/www/app/webroot/index.php(92): Dispatcher->dispatch(Object(CakeRequest), Object(CakeResponse))
#1 {main}
2016-01-19 09:56:33 Error: [MissingControllerException] Controller class ImgController could not be found.
#0 /home/alyousifi/www/app/webroot/index.php(92): Dispatcher->dispatch(Object(CakeRequest), Object(CakeResponse))
#1 {main}
2016-01-19 09:56:42 Logins/012016/logs: Login successfull using username: 'admin' from IP: 178.135.50.233
2016-01-19 09:57:52 Error: [MissingControllerException] Controller class CssController could not be found.
#0 /home/alyousifi/www/app/webroot/index.php(92): Dispatcher->dispatch(Object(CakeRequest), Object(CakeResponse))
#1 {main}
2016-01-19 09:57:55 Error: [Exception] GAPI: Failed to authenticate user. Error: "https://developers.google.com/accounts/docs/AuthForInstalledApps
"
#0 /home/alyousifi/www/app/Vendor/Analytics/gapi.php(62): gapi->authenticateUser('themall.ganalyt...', 'TheM4ll@G4')
#1 /home/alyousifi/www/app/Controller/AdministratorsController.php(178): gapi->__construct('themall.ganalyt...', 'TheM4ll@G4')
#2 [internal function]: AdministratorsController->admin_getstats()
#3 /home/alyousifi/www/lib/Cake/Controller/Controller.php(485): ReflectionMethod->invokeArgs(Object(AdministratorsController), Array)
#4 /home/alyousifi/www/lib/Cake/Routing/Dispatcher.php(186): Controller->invokeAction(Object(CakeRequest))
#5 /home/alyousifi/www/lib/Cake/Routing/Dispatcher.php(161): Dispatcher->_invoke(Object(AdministratorsController), Object(CakeRequest), Object(CakeResponse))
#6 /home/alyousifi/www/app/webroot/index.php(92): Dispatcher->dispatch(Object(CakeRequest), Object(CakeResponse))
#7 {main}
2016-01-19 09:59:20 Notice: Notice (8): Undefined variable: dynamic_pages_types in [/home/alyousifi/www/app/View/DynamicPages/admin_add.ctp, line 80]
Trace:
include - APP/View/DynamicPages/admin_add.ctp, line 80
View::_evaluate() - CORE/Cake/View/View.php, line 923
View::_render() - CORE/Cake/View/View.php, line 886
View::render() - CORE/Cake/View/View.php, line 476
Controller::render() - CORE/Cake/Controller/Controller.php, line 956
Dispatcher::_invoke() - CORE/Cake/Routing/Dispatcher.php, line 193
Dispatcher::dispatch() - CORE/Cake/Routing/Dispatcher.php, line 161
[main] - APP/webroot/index.php, line 92

2016-01-19 10:00:47 Notice: Notice (8): Undefined variable: hashed_id in [/home/alyousifi/www/app/View/DynamicPages/admin_edit_section.ctp, line 130]
Trace:
include - APP/View/DynamicPages/admin_edit_section.ctp, line 130
View::_evaluate() - CORE/Cake/View/View.php, line 923
View::_render() - CORE/Cake/View/View.php, line 886
View::render() - CORE/Cake/View/View.php, line 476
Controller::render() - CORE/Cake/Controller/Controller.php, line 956
Dispatcher::_invoke() - CORE/Cake/Routing/Dispatcher.php, line 193
Dispatcher::dispatch() - CORE/Cake/Routing/Dispatcher.php, line 161
[main] - APP/webroot/index.php, line 92

2016-01-19 10:00:47 Notice: Notice (8): Undefined variable: hashed_id in [/home/alyousifi/www/app/View/DynamicPages/admin_edit_section.ctp, line 135]
Trace:
include - APP/View/DynamicPages/admin_edit_section.ctp, line 135
View::_evaluate() - CORE/Cake/View/View.php, line 923
View::_render() - CORE/Cake/View/View.php, line 886
View::render() - CORE/Cake/View/View.php, line 476
Controller::render() - CORE/Cake/Controller/Controller.php, line 956
Dispatcher::_invoke() - CORE/Cake/Routing/Dispatcher.php, line 193
Dispatcher::dispatch() - CORE/Cake/Routing/Dispatcher.php, line 161
[main] - APP/webroot/index.php, line 92

2016-01-25 11:17:10 Error: [MissingControllerException] Controller class Favicon.icoController could not be found.
#0 /home/alyousifi/www/app/webroot/index.php(92): Dispatcher->dispatch(Object(CakeRequest), Object(CakeResponse))
#1 {main}
2016-01-25 11:19:46 Error: [MissingControllerException] Controller class Favicon.icoController could not be found.
#0 /home/alyousifi/www/app/webroot/index.php(92): Dispatcher->dispatch(Object(CakeRequest), Object(CakeResponse))
#1 {main}
2016-01-25 12:24:24 Error: [MissingControllerException] Controller class FilesController could not be found.
#0 /home/alyousifi/www/app/webroot/index.php(92): Dispatcher->dispatch(Object(CakeRequest), Object(CakeResponse))
#1 {main}
2016-01-25 12:39:35 Error: [MissingControllerException] Controller class FilesController could not be found.
#0 /home/alyousifi/www/app/webroot/index.php(92): Dispatcher->dispatch(Object(CakeRequest), Object(CakeResponse))
#1 {main}
2016-01-25 12:39:42 Error: [MissingControllerException] Controller class FilesController could not be found.
#0 /home/alyousifi/www/app/webroot/index.php(92): Dispatcher->dispatch(Object(CakeRequest), Object(CakeResponse))
#1 {main}
2016-01-25 12:39:53 Error: [MissingControllerException] Controller class FilesController could not be found.
#0 /home/alyousifi/www/app/webroot/index.php(92): Dispatcher->dispatch(Object(CakeRequest), Object(CakeResponse))
#1 {main}
2016-01-25 12:40:01 Error: [MissingControllerException] Controller class FilesController could not be found.
#0 /home/alyousifi/www/app/webroot/index.php(92): Dispatcher->dispatch(Object(CakeRequest), Object(CakeResponse))
#1 {main}
2016-01-25 12:40:12 Error: [MissingControllerException] Controller class FilesController could not be found.
#0 /home/alyousifi/www/app/webroot/index.php(92): Dispatcher->dispatch(Object(CakeRequest), Object(CakeResponse))
#1 {main}
2016-01-25 12:40:16 Error: [MissingControllerException] Controller class FilesController could not be found.
#0 /home/alyousifi/www/app/webroot/index.php(92): Dispatcher->dispatch(Object(CakeRequest), Object(CakeResponse))
#1 {main}
2016-01-25 12:45:29 Error: [MissingControllerException] Controller class FilesController could not be found.
#0 /home/alyousifi/www/app/webroot/index.php(92): Dispatcher->dispatch(Object(CakeRequest), Object(CakeResponse))
#1 {main}
2016-01-25 12:45:35 Error: [MissingControllerException] Controller class FilesController could not be found.
#0 /home/alyousifi/www/app/webroot/index.php(92): Dispatcher->dispatch(Object(CakeRequest), Object(CakeResponse))
#1 {main}
2016-01-25 12:45:42 Error: [MissingControllerException] Controller class FilesController could not be found.
#0 /home/alyousifi/www/app/webroot/index.php(92): Dispatcher->dispatch(Object(CakeRequest), Object(CakeResponse))
#1 {main}
2016-01-25 12:45:47 Error: [MissingControllerException] Controller class FilesController could not be found.
#0 /home/alyousifi/www/app/webroot/index.php(92): Dispatcher->dispatch(Object(CakeRequest), Object(CakeResponse))
#1 {main}
2016-01-25 12:47:12 Error: [MissingControllerException] Controller class FilesController could not be found.
#0 /home/alyousifi/www/app/webroot/index.php(92): Dispatcher->dispatch(Object(CakeRequest), Object(CakeResponse))
#1 {main}
2016-01-25 14:50:32 Error: [MissingControllerException] Controller class ImgController could not be found.
#0 /home/alyousifi/www/app/webroot/index.php(92): Dispatcher->dispatch(Object(CakeRequest), Object(CakeResponse))
#1 {main}
2016-01-25 14:50:32 Error: [MissingControllerException] Controller class Favicon.icoController could not be found.
#0 /home/alyousifi/www/app/webroot/index.php(92): Dispatcher->dispatch(Object(CakeRequest), Object(CakeResponse))
#1 {main}
2016-01-25 14:50:46 Logins/012016/logs: Login successfull using username: 'admin' from IP: 212.36.215.42
2016-01-25 14:50:56 Error: [MissingControllerException] Controller class CssController could not be found.
#0 /home/alyousifi/www/app/webroot/index.php(92): Dispatcher->dispatch(Object(CakeRequest), Object(CakeResponse))
#1 {main}
2016-01-25 14:50:58 Error: [Exception] GAPI: Failed to authenticate user. Error: "https://developers.google.com/accounts/docs/AuthForInstalledApps
"
#0 /home/alyousifi/www/app/Vendor/Analytics/gapi.php(62): gapi->authenticateUser('themall.ganalyt...', 'TheM4ll@G4')
#1 /home/alyousifi/www/app/Controller/AdministratorsController.php(178): gapi->__construct('themall.ganalyt...', 'TheM4ll@G4')
#2 [internal function]: AdministratorsController->admin_getstats()
#3 /home/alyousifi/www/lib/Cake/Controller/Controller.php(485): ReflectionMethod->invokeArgs(Object(AdministratorsController), Array)
#4 /home/alyousifi/www/lib/Cake/Routing/Dispatcher.php(186): Controller->invokeAction(Object(CakeRequest))
#5 /home/alyousifi/www/lib/Cake/Routing/Dispatcher.php(161): Dispatcher->_invoke(Object(AdministratorsController), Object(CakeRequest), Object(CakeResponse))
#6 /home/alyousifi/www/app/webroot/index.php(92): Dispatcher->dispatch(Object(CakeRequest), Object(CakeResponse))
#7 {main}
2016-01-25 14:53:29 Error: [MissingControllerException] Controller class FilesController could not be found.
#0 /home/alyousifi/www/app/webroot/index.php(92): Dispatcher->dispatch(Object(CakeRequest), Object(CakeResponse))
#1 {main}
2016-01-25 14:53:57 Error: [MissingControllerException] Controller class FilesController could not be found.
#0 /home/alyousifi/www/app/webroot/index.php(92): Dispatcher->dispatch(Object(CakeRequest), Object(CakeResponse))
#1 {main}
2016-01-25 14:54:06 Error: [MissingControllerException] Controller class FilesController could not be found.
#0 /home/alyousifi/www/app/webroot/index.php(92): Dispatcher->dispatch(Object(CakeRequest), Object(CakeResponse))
#1 {main}
2016-01-26 12:29:05 Error: [MissingControllerException] Controller class Favicon.icoController could not be found.
#0 /home/alyousifi/www/app/webroot/index.php(92): Dispatcher->dispatch(Object(CakeRequest), Object(CakeResponse))
#1 {main}
2016-01-26 12:30:45 Error: [MissingControllerException] Controller class FilesController could not be found.
#0 /home/alyousifi/www/app/webroot/index.php(92): Dispatcher->dispatch(Object(CakeRequest), Object(CakeResponse))
#1 {main}
2016-01-26 12:32:42 Error: [MissingControllerException] Controller class Favicon.icoController could not be found.
#0 /home/alyousifi/www/app/webroot/index.php(92): Dispatcher->dispatch(Object(CakeRequest), Object(CakeResponse))
#1 {main}
2016-01-26 12:33:13 Error: [MissingControllerException] Controller class FilesController could not be found.
#0 /home/alyousifi/www/app/webroot/index.php(92): Dispatcher->dispatch(Object(CakeRequest), Object(CakeResponse))
#1 {main}
2016-01-26 12:34:26 Error: [MissingControllerException] Controller class FilesController could not be found.
#0 /home/alyousifi/www/app/webroot/index.php(92): Dispatcher->dispatch(Object(CakeRequest), Object(CakeResponse))
#1 {main}
2016-01-26 12:35:05 Error: [MissingControllerException] Controller class FilesController could not be found.
#0 /home/alyousifi/www/app/webroot/index.php(92): Dispatcher->dispatch(Object(CakeRequest), Object(CakeResponse))
#1 {main}
2016-01-26 12:35:54 Error: [MissingControllerException] Controller class FilesController could not be found.
#0 /home/alyousifi/www/app/webroot/index.php(92): Dispatcher->dispatch(Object(CakeRequest), Object(CakeResponse))
#1 {main}
2016-01-26 12:36:07 Error: [MissingControllerException] Controller class FilesController could not be found.
#0 /home/alyousifi/www/app/webroot/index.php(92): Dispatcher->dispatch(Object(CakeRequest), Object(CakeResponse))
#1 {main}
2016-01-26 12:52:53 Error: [MissingControllerException] Controller class FilesController could not be found.
#0 /home/alyousifi/www/app/webroot/index.php(92): Dispatcher->dispatch(Object(CakeRequest), Object(CakeResponse))
#1 {main}
2016-01-26 12:54:04 Error: [MissingControllerException] Controller class FilesController could not be found.
#0 /home/alyousifi/www/app/webroot/index.php(92): Dispatcher->dispatch(Object(CakeRequest), Object(CakeResponse))
#1 {main}
2016-01-26 12:57:23 Error: [MissingControllerException] Controller class FilesController could not be found.
#0 /home/alyousifi/www/app/webroot/index.php(92): Dispatcher->dispatch(Object(CakeRequest), Object(CakeResponse))
#1 {main}
2016-01-26 13:00:03 Error: [MissingControllerException] Controller class FilesController could not be found.
#0 /home/alyousifi/www/app/webroot/index.php(92): Dispatcher->dispatch(Object(CakeRequest), Object(CakeResponse))
#1 {main}
2016-01-26 13:07:27 Error: [MissingControllerException] Controller class FilesController could not be found.
#0 /home/alyousifi/www/app/webroot/index.php(92): Dispatcher->dispatch(Object(CakeRequest), Object(CakeResponse))
#1 {main}
2016-01-26 13:10:40 Error: [MissingControllerException] Controller class FilesController could not be found.
#0 /home/alyousifi/www/app/webroot/index.php(92): Dispatcher->dispatch(Object(CakeRequest), Object(CakeResponse))
#1 {main}
2016-01-26 13:10:48 Error: [MissingControllerException] Controller class FilesController could not be found.
#0 /home/alyousifi/www/app/webroot/index.php(92): Dispatcher->dispatch(Object(CakeRequest), Object(CakeResponse))
#1 {main}
2016-01-26 13:12:34 Error: [MissingControllerException] Controller class FilesController could not be found.
#0 /home/alyousifi/www/app/webroot/index.php(92): Dispatcher->dispatch(Object(CakeRequest), Object(CakeResponse))
#1 {main}
2016-01-26 13:16:37 Error: [MissingControllerException] Controller class FilesController could not be found.
#0 /home/alyousifi/www/app/webroot/index.php(92): Dispatcher->dispatch(Object(CakeRequest), Object(CakeResponse))
#1 {main}
2016-01-26 13:17:26 Error: [MissingControllerException] Controller class FilesController could not be found.
#0 /home/alyousifi/www/app/webroot/index.php(92): Dispatcher->dispatch(Object(CakeRequest), Object(CakeResponse))
#1 {main}
2016-01-26 13:47:08 Error: [MissingControllerException] Controller class FilesController could not be found.
#0 /home/alyousifi/www/app/webroot/index.php(92): Dispatcher->dispatch(Object(CakeRequest), Object(CakeResponse))
#1 {main}
2016-01-26 13:47:27 Error: [MissingControllerException] Controller class FilesController could not be found.
#0 /home/alyousifi/www/app/webroot/index.php(92): Dispatcher->dispatch(Object(CakeRequest), Object(CakeResponse))
#1 {main}
2016-01-31 07:17:21 Error: [MissingControllerException] Controller class Favicon.icoController could not be found.
#0 /home/alyousifi/www/app/webroot/index.php(92): Dispatcher->dispatch(Object(CakeRequest), Object(CakeResponse))
#1 {main}
2016-01-31 07:17:23 Error: [MissingControllerException] Controller class Apple-touch-icon-precomposed.pngController could not be found.
#0 /home/alyousifi/www/app/webroot/index.php(92): Dispatcher->dispatch(Object(CakeRequest), Object(CakeResponse))
#1 {main}
2016-01-31 07:17:23 Error: [MissingControllerException] Controller class Apple-touch-icon.pngController could not be found.
#0 /home/alyousifi/www/app/webroot/index.php(92): Dispatcher->dispatch(Object(CakeRequest), Object(CakeResponse))
#1 {main}
2016-01-31 10:21:12 Error: [MissingControllerException] Controller class Favicon.icoController could not be found.
#0 /home/alyousifi/www/app/webroot/index.php(92): Dispatcher->dispatch(Object(CakeRequest), Object(CakeResponse))
#1 {main}
2016-01-31 10:23:36 Error: [MissingControllerException] Controller class Favicon.icoController could not be found.
#0 /home/alyousifi/www/app/webroot/index.php(92): Dispatcher->dispatch(Object(CakeRequest), Object(CakeResponse))
#1 {main}
2016-01-31 10:25:04 Error: [MissingControllerException] Controller class FilesController could not be found.
#0 /home/alyousifi/www/app/webroot/index.php(92): Dispatcher->dispatch(Object(CakeRequest), Object(CakeResponse))
#1 {main}
2016-01-31 10:25:14 Error: [MissingControllerException] Controller class FilesController could not be found.
#0 /home/alyousifi/www/app/webroot/index.php(92): Dispatcher->dispatch(Object(CakeRequest), Object(CakeResponse))
#1 {main}
