2013-08-05 11:23:26 Error: [MissingControllerException] Controller class ImgController could not be found.
#0 /home/hbku/www/app/webroot/index.php(92): Dispatcher->dispatch(Object(CakeRequest), Object(CakeResponse))
#1 {main}
2013-08-05 11:23:28 Error: [MissingControllerException] Controller class ImgController could not be found.
#0 /home/hbku/www/app/webroot/index.php(92): Dispatcher->dispatch(Object(CakeRequest), Object(CakeResponse))
#1 {main}
2013-08-05 11:23:31 Logins/082013/logs: Login successfull using username: 'admin' from IP: 192.168.0.23
2013-08-05 11:23:34 Error: [MissingControllerException] Controller class Favicon.icoController could not be found.
#0 /home/hbku/www/app/webroot/index.php(92): Dispatcher->dispatch(Object(CakeRequest), Object(CakeResponse))
#1 {main}
2013-08-05 11:41:35 Logins/082013/logs: Login successfull using username: 'admin' from IP: 192.168.0.23
2013-08-05 12:18:32 Error: [MissingControllerException] Controller class Favicon.icoController could not be found.
#0 /home/hbku/www/app/webroot/index.php(92): Dispatcher->dispatch(Object(CakeRequest), Object(CakeResponse))
#1 {main}
2013-08-05 12:19:17 Error: [MissingControllerException] Controller class Favicon.icoController could not be found.
#0 /home/hbku/www/app/webroot/index.php(92): Dispatcher->dispatch(Object(CakeRequest), Object(CakeResponse))
#1 {main}
2013-08-05 12:28:14 Error: [MissingControllerException] Controller class Favicon.icoController could not be found.
#0 /home/hbku/www/app/webroot/index.php(92): Dispatcher->dispatch(Object(CakeRequest), Object(CakeResponse))
#1 {main}
2013-08-05 13:06:53 Error: [MissingControllerException] Controller class Favicon.icoController could not be found.
#0 /home/hbku/www/app/webroot/index.php(92): Dispatcher->dispatch(Object(CakeRequest), Object(CakeResponse))
#1 {main}
2013-08-06 09:20:53 Error: [MissingControllerException] Controller class ImgController could not be found.
#0 /home/hbku/www/app/webroot/index.php(92): Dispatcher->dispatch(Object(CakeRequest), Object(CakeResponse))
#1 {main}
2013-08-06 09:20:53 Error: [MissingControllerException] Controller class ImgController could not be found.
#0 /home/hbku/www/app/webroot/index.php(92): Dispatcher->dispatch(Object(CakeRequest), Object(CakeResponse))
#1 {main}
2013-08-06 09:20:56 Logins/082013/logs: Login successfull using username: 'admin' from IP: 192.168.0.23
2013-08-06 09:20:57 Error: [MissingControllerException] Controller class Favicon.icoController could not be found.
#0 /home/hbku/www/app/webroot/index.php(92): Dispatcher->dispatch(Object(CakeRequest), Object(CakeResponse))
#1 {main}
2013-08-06 09:54:20 Logins/082013/logs: Login successfull using username: 'admin' from IP: 192.168.0.23
2013-08-06 09:54:30 Error: [MissingControllerException] Controller class FilesController could not be found.
#0 /home/hbku/www/app/webroot/index.php(92): Dispatcher->dispatch(Object(CakeRequest), Object(CakeResponse))
#1 {main}
2013-08-06 09:54:31 Error: [MissingControllerException] Controller class FilesController could not be found.
#0 /home/hbku/www/app/webroot/index.php(92): Dispatcher->dispatch(Object(CakeRequest), Object(CakeResponse))
#1 {main}
2013-08-06 11:44:53 Error: [MissingControllerException] Controller class Favicon.icoController could not be found.
#0 /home/hbku/www/app/webroot/index.php(92): Dispatcher->dispatch(Object(CakeRequest), Object(CakeResponse))
#1 {main}
2013-08-06 11:45:00 Error: [MissingControllerException] Controller class ImgController could not be found.
#0 /home/hbku/www/app/webroot/index.php(92): Dispatcher->dispatch(Object(CakeRequest), Object(CakeResponse))
#1 {main}
2013-08-06 11:45:07 Logins/082013/logs: Login successfull using username: 'admin' from IP: 192.168.0.55
2013-08-06 11:45:08 Error: [MissingControllerException] Controller class ImgController could not be found.
#0 /home/hbku/www/app/webroot/index.php(92): Dispatcher->dispatch(Object(CakeRequest), Object(CakeResponse))
#1 {main}
2013-08-06 11:45:21 Error: [MissingControllerException] Controller class ImgController could not be found.
#0 /home/hbku/www/app/webroot/index.php(92): Dispatcher->dispatch(Object(CakeRequest), Object(CakeResponse))
#1 {main}
2013-08-06 11:45:22 Error: [MissingControllerException] Controller class ImgController could not be found.
#0 /home/hbku/www/app/webroot/index.php(92): Dispatcher->dispatch(Object(CakeRequest), Object(CakeResponse))
#1 {main}
2013-08-06 11:45:22 Error: [MissingControllerException] Controller class ImgController could not be found.
#0 /home/hbku/www/app/webroot/index.php(92): Dispatcher->dispatch(Object(CakeRequest), Object(CakeResponse))
#1 {main}
2013-08-07 11:04:02 Logins/082013/logs: Login successfull using username: 'admin' from IP: 192.168.0.23
2013-08-09 11:54:56 Error: [MissingControllerException] Controller class Favicon.icoController could not be found.
#0 /home/hbku/www/app/webroot/index.php(92): Dispatcher->dispatch(Object(CakeRequest), Object(CakeResponse))
#1 {main}
2013-08-13 12:56:24 Error: [MissingControllerException] Controller class ImgController could not be found.
#0 /home/hbku/www/app/webroot/index.php(92): Dispatcher->dispatch(Object(CakeRequest), Object(CakeResponse))
#1 {main}
2013-08-13 12:56:24 Error: [MissingControllerException] Controller class ImgController could not be found.
#0 /home/hbku/www/app/webroot/index.php(92): Dispatcher->dispatch(Object(CakeRequest), Object(CakeResponse))
#1 {main}
2013-08-13 12:56:31 Logins/082013/logs: Login successfull using username: 'admin' from IP: 192.168.0.73
2013-08-13 12:56:32 Error: [MissingControllerException] Controller class Favicon.icoController could not be found.
#0 /home/hbku/www/app/webroot/index.php(92): Dispatcher->dispatch(Object(CakeRequest), Object(CakeResponse))
#1 {main}
2013-08-13 12:57:22 Error: [MissingControllerException] Controller class ImgController could not be found.
#0 /home/hbku/www/app/webroot/index.php(92): Dispatcher->dispatch(Object(CakeRequest), Object(CakeResponse))
#1 {main}
2013-08-22 09:06:57 Error: [MissingControllerException] Controller class Favicon.icoController could not be found.
#0 /home/hbku/www/app/webroot/index.php(92): Dispatcher->dispatch(Object(CakeRequest), Object(CakeResponse))
#1 {main}
2013-08-22 09:06:58 Error: [MissingControllerException] Controller class Favicon.icoController could not be found.
#0 /home/hbku/www/app/webroot/index.php(92): Dispatcher->dispatch(Object(CakeRequest), Object(CakeResponse))
#1 {main}
2013-08-22 09:07:01 Error: [MissingControllerException] Controller class ImgController could not be found.
#0 /home/hbku/www/app/webroot/index.php(92): Dispatcher->dispatch(Object(CakeRequest), Object(CakeResponse))
#1 {main}
2013-08-22 09:07:01 Error: [MissingControllerException] Controller class ImgController could not be found.
#0 /home/hbku/www/app/webroot/index.php(92): Dispatcher->dispatch(Object(CakeRequest), Object(CakeResponse))
#1 {main}
2013-08-22 09:07:04 Logins/082013/logs: Login successfull using username: 'admin' from IP: 192.168.0.23
2013-08-22 11:12:46 Error: [MissingControllerException] Controller class Favicon.icoController could not be found.
#0 /home/hbku/www/app/webroot/index.php(92): Dispatcher->dispatch(Object(CakeRequest), Object(CakeResponse))
#1 {main}
2013-08-23 09:34:35 Error: [MissingControllerException] Controller class ImgController could not be found.
#0 /home/hbku/www/app/webroot/index.php(92): Dispatcher->dispatch(Object(CakeRequest), Object(CakeResponse))
#1 {main}
2013-08-23 09:34:36 Error: [MissingControllerException] Controller class ImgController could not be found.
#0 /home/hbku/www/app/webroot/index.php(92): Dispatcher->dispatch(Object(CakeRequest), Object(CakeResponse))
#1 {main}
2013-08-23 09:34:38 Logins/082013/logs: Login successfull using username: 'admin' from IP: 192.168.0.23
2013-08-23 09:34:39 Error: [MissingControllerException] Controller class Favicon.icoController could not be found.
#0 /home/hbku/www/app/webroot/index.php(92): Dispatcher->dispatch(Object(CakeRequest), Object(CakeResponse))
#1 {main}
2013-08-26 13:19:42 Error: [MissingControllerException] Controller class Favicon.icoController could not be found.
#0 /home/hbku/www/app/webroot/index.php(92): Dispatcher->dispatch(Object(CakeRequest), Object(CakeResponse))
#1 {main}
2013-08-29 09:31:23 Error: [MissingControllerException] Controller class ImgController could not be found.
#0 /home/hbku/www/app/webroot/index.php(92): Dispatcher->dispatch(Object(CakeRequest), Object(CakeResponse))
#1 {main}
2013-08-29 09:31:23 Error: [MissingControllerException] Controller class ImgController could not be found.
#0 /home/hbku/www/app/webroot/index.php(92): Dispatcher->dispatch(Object(CakeRequest), Object(CakeResponse))
#1 {main}
2013-08-29 09:31:27 Error: [MissingControllerException] Controller class Favicon.icoController could not be found.
#0 /home/hbku/www/app/webroot/index.php(92): Dispatcher->dispatch(Object(CakeRequest), Object(CakeResponse))
#1 {main}
2013-08-29 09:31:35 Logins/082013/logs: Login successfull using username: 'admin' from IP: 192.168.0.51
